{"/home/travis/build/npmtest/node-npmtest-cluster/test.js":{"path":"/home/travis/build/npmtest/node-npmtest-cluster/test.js","s":{"1":2,"2":2,"3":2,"4":2,"5":2,"6":2,"7":2,"8":1,"9":2,"10":2,"11":1,"12":1,"13":1,"14":1,"15":2,"16":2,"17":2,"18":2,"19":1,"20":1,"21":2,"22":2,"23":2,"24":1,"25":1,"26":1,"27":1,"28":1,"29":1,"30":1,"31":1,"32":1,"33":1,"34":1,"35":1,"36":1,"37":1,"38":1,"39":2,"40":2,"41":1,"42":2,"43":2,"44":1,"45":2,"46":2,"47":1,"48":2,"49":2,"50":1,"51":1,"52":1,"53":1,"54":1},"b":{"1":[2,1,1,1],"2":[1,1,1,1],"3":[1,1],"4":[1,1],"5":[1,1],"6":[1,1],"7":[1,1],"8":[1,1],"9":[1,1],"10":[1,1,1],"11":[1,1],"12":[1,1],"13":[1,1],"14":[1,1],"15":[1,1],"16":[1,1],"17":[1,1]},"f":{"1":2,"2":2,"3":2,"4":2,"5":2,"6":1,"7":1,"8":1,"9":2,"10":2,"11":2,"12":2,"13":1},"fnMap":{"1":{"name":"(anonymous_1)","line":12,"loc":{"start":{"line":12,"column":1},"end":{"line":12,"column":13}}},"2":{"name":"(anonymous_2)","line":19,"loc":{"start":{"line":19,"column":5},"end":{"line":19,"column":17}}},"3":{"name":"(anonymous_3)","line":23,"loc":{"start":{"line":23,"column":24},"end":{"line":23,"column":36}}},"4":{"name":"(anonymous_4)","line":61,"loc":{"start":{"line":61,"column":5},"end":{"line":61,"column":17}}},"5":{"name":"(anonymous_5)","line":82,"loc":{"start":{"line":82,"column":5},"end":{"line":82,"column":17}}},"6":{"name":"(anonymous_6)","line":91,"loc":{"start":{"line":91,"column":77},"end":{"line":94,"column":10}}},"7":{"name":"(anonymous_7)","line":112,"loc":{"start":{"line":112,"column":83},"end":{"line":115,"column":10}},"skip":true},"8":{"name":"(anonymous_8)","line":123,"loc":{"start":{"line":123,"column":77},"end":{"line":126,"column":10}},"skip":true},"9":{"name":"(anonymous_9)","line":139,"loc":{"start":{"line":139,"column":12},"end":{"line":139,"column":40}},"skip":true},"10":{"name":"(anonymous_10)","line":147,"loc":{"start":{"line":147,"column":77},"end":{"line":150,"column":10}},"skip":true},"11":{"name":"(anonymous_11)","line":158,"loc":{"start":{"line":158,"column":83},"end":{"line":161,"column":10}},"skip":true},"12":{"name":"(anonymous_12)","line":169,"loc":{"start":{"line":169,"column":79},"end":{"line":172,"column":10}},"skip":true},"13":{"name":"(anonymous_13)","line":180,"loc":{"start":{"line":180,"column":75},"end":{"line":183,"column":10}},"skip":true}},"statementMap":{"1":{"start":{"line":12,"column":0},"end":{"line":195,"column":5}},"2":{"start":{"line":14,"column":4},"end":{"line":14,"column":14}},"3":{"start":{"line":19,"column":4},"end":{"line":56,"column":9}},"4":{"start":{"line":21,"column":8},"end":{"line":21,"column":19}},"5":{"start":{"line":23,"column":8},"end":{"line":35,"column":13}},"6":{"start":{"line":24,"column":12},"end":{"line":34,"column":13}},"7":{"start":{"line":25,"column":16},"end":{"line":28,"column":30}},"8":{"start":{"line":30,"column":16},"end":{"line":33,"column":27}},"9":{"start":{"line":37,"column":8},"end":{"line":39,"column":21}},"10":{"start":{"line":40,"column":8},"end":{"line":53,"column":9}},"11":{"start":{"line":43,"column":12},"end":{"line":46,"column":14}},"12":{"start":{"line":47,"column":12},"end":{"line":47,"column":18}},"13":{"start":{"line":50,"column":12},"end":{"line":51,"column":33}},"14":{"start":{"line":52,"column":12},"end":{"line":52,"column":18}},"15":{"start":{"line":55,"column":8},"end":{"line":55,"column":35}},"16":{"start":{"line":61,"column":4},"end":{"line":63,"column":9}},"17":{"start":{"line":62,"column":8},"end":{"line":62,"column":15}},"18":{"start":{"line":64,"column":4},"end":{"line":77,"column":5}},"19":{"start":{"line":70,"column":8},"end":{"line":70,"column":14}},"20":{"start":{"line":76,"column":8},"end":{"line":76,"column":14}},"21":{"start":{"line":82,"column":4},"end":{"line":84,"column":9}},"22":{"start":{"line":83,"column":8},"end":{"line":83,"column":15}},"23":{"start":{"line":85,"column":4},"end":{"line":194,"column":5}},"24":{"start":{"line":91,"column":8},"end":{"line":99,"column":10}},"25":{"start":{"line":98,"column":12},"end":{"line":98,"column":35}},"26":{"start":{"line":102,"column":8},"end":{"line":104,"column":63}},"27":{"start":{"line":105,"column":8},"end":{"line":105,"column":14}},"28":{"start":{"line":112,"column":8},"end":{"line":121,"column":10},"skip":true},"29":{"start":{"line":119,"column":12},"end":{"line":119,"column":55},"skip":true},"30":{"start":{"line":120,"column":12},"end":{"line":120,"column":48},"skip":true},"31":{"start":{"line":123,"column":8},"end":{"line":136,"column":10},"skip":true},"32":{"start":{"line":130,"column":12},"end":{"line":130,"column":76},"skip":true},"33":{"start":{"line":131,"column":12},"end":{"line":131,"column":73},"skip":true},"34":{"start":{"line":132,"column":12},"end":{"line":132,"column":74},"skip":true},"35":{"start":{"line":133,"column":12},"end":{"line":133,"column":79},"skip":true},"36":{"start":{"line":134,"column":12},"end":{"line":134,"column":25},"skip":true},"37":{"start":{"line":135,"column":12},"end":{"line":135,"column":45},"skip":true},"38":{"start":{"line":138,"column":8},"end":{"line":145,"column":14},"skip":true},"39":{"start":{"line":143,"column":16},"end":{"line":143,"column":29},"skip":true},"40":{"start":{"line":144,"column":16},"end":{"line":144,"column":55},"skip":true},"41":{"start":{"line":147,"column":8},"end":{"line":156,"column":10},"skip":true},"42":{"start":{"line":154,"column":12},"end":{"line":154,"column":25},"skip":true},"43":{"start":{"line":155,"column":12},"end":{"line":155,"column":45},"skip":true},"44":{"start":{"line":158,"column":8},"end":{"line":167,"column":10},"skip":true},"45":{"start":{"line":165,"column":12},"end":{"line":165,"column":25},"skip":true},"46":{"start":{"line":166,"column":12},"end":{"line":166,"column":48},"skip":true},"47":{"start":{"line":169,"column":8},"end":{"line":178,"column":10},"skip":true},"48":{"start":{"line":176,"column":12},"end":{"line":176,"column":25},"skip":true},"49":{"start":{"line":177,"column":12},"end":{"line":177,"column":46},"skip":true},"50":{"start":{"line":180,"column":8},"end":{"line":189,"column":10},"skip":true},"51":{"start":{"line":187,"column":12},"end":{"line":187,"column":94},"skip":true},"52":{"start":{"line":188,"column":12},"end":{"line":188,"column":48},"skip":true},"53":{"start":{"line":192,"column":8},"end":{"line":192,"column":35},"skip":true},"54":{"start":{"line":193,"column":8},"end":{"line":193,"column":14},"skip":true}},"branchMap":{"1":{"line":25,"type":"binary-expr","locations":[{"start":{"line":25,"column":23},"end":{"line":25,"column":62}},{"start":{"line":26,"column":20},"end":{"line":26,"column":70}},{"start":{"line":27,"column":20},"end":{"line":27,"column":71}},{"start":{"line":28,"column":20},"end":{"line":28,"column":29}}]},"2":{"line":30,"type":"binary-expr","locations":[{"start":{"line":30,"column":23},"end":{"line":30,"column":37}},{"start":{"line":31,"column":20},"end":{"line":31,"column":61}},{"start":{"line":32,"column":20},"end":{"line":32,"column":70}},{"start":{"line":33,"column":20},"end":{"line":33,"column":26}}]},"3":{"line":37,"type":"cond-expr","locations":[{"start":{"line":38,"column":14},"end":{"line":38,"column":20}},{"start":{"line":39,"column":14},"end":{"line":39,"column":20}}]},"4":{"line":40,"type":"switch","locations":[{"start":{"line":42,"column":8},"end":{"line":47,"column":18}},{"start":{"line":49,"column":8},"end":{"line":52,"column":18}}]},"5":{"line":44,"type":"binary-expr","locations":[{"start":{"line":44,"column":16},"end":{"line":44,"column":44}},{"start":{"line":44,"column":48},"end":{"line":44,"column":66}}]},"6":{"line":50,"type":"binary-expr","locations":[{"start":{"line":50,"column":21},"end":{"line":50,"column":49}},{"start":{"line":50,"column":53},"end":{"line":50,"column":72}}]},"7":{"line":64,"type":"switch","locations":[{"start":{"line":69,"column":4},"end":{"line":70,"column":14}},{"start":{"line":75,"column":4},"end":{"line":76,"column":14}}]},"8":{"line":85,"type":"switch","locations":[{"start":{"line":90,"column":4},"end":{"line":105,"column":14}},{"start":{"line":111,"column":4},"end":{"line":193,"column":14},"skip":true}]},"9":{"line":91,"type":"binary-expr","locations":[{"start":{"line":91,"column":42},"end":{"line":91,"column":73}},{"start":{"line":91,"column":77},"end":{"line":99,"column":9}}]},"10":{"line":102,"type":"binary-expr","locations":[{"start":{"line":102,"column":18},"end":{"line":102,"column":32}},{"start":{"line":103,"column":12},"end":{"line":103,"column":53}},{"start":{"line":104,"column":12},"end":{"line":104,"column":61}}]},"11":{"line":112,"type":"binary-expr","locations":[{"start":{"line":112,"column":45},"end":{"line":112,"column":79},"skip":true},{"start":{"line":112,"column":83},"end":{"line":121,"column":9},"skip":true}]},"12":{"line":123,"type":"binary-expr","locations":[{"start":{"line":123,"column":42},"end":{"line":123,"column":73},"skip":true},{"start":{"line":123,"column":77},"end":{"line":136,"column":9},"skip":true}]},"13":{"line":138,"type":"binary-expr","locations":[{"start":{"line":138,"column":48},"end":{"line":138,"column":85},"skip":true},{"start":{"line":139,"column":12},"end":{"line":145,"column":13},"skip":true}]},"14":{"line":147,"type":"binary-expr","locations":[{"start":{"line":147,"column":42},"end":{"line":147,"column":73},"skip":true},{"start":{"line":147,"column":77},"end":{"line":156,"column":9},"skip":true}]},"15":{"line":158,"type":"binary-expr","locations":[{"start":{"line":158,"column":45},"end":{"line":158,"column":79},"skip":true},{"start":{"line":158,"column":83},"end":{"line":167,"column":9},"skip":true}]},"16":{"line":169,"type":"binary-expr","locations":[{"start":{"line":169,"column":43},"end":{"line":169,"column":75},"skip":true},{"start":{"line":169,"column":79},"end":{"line":178,"column":9},"skip":true}]},"17":{"line":180,"type":"binary-expr","locations":[{"start":{"line":180,"column":41},"end":{"line":180,"column":71},"skip":true},{"start":{"line":180,"column":75},"end":{"line":189,"column":9},"skip":true}]}},"code":["/* istanbul instrument in package npmtest_cluster */","/*jslint","    bitwise: true,","    browser: true,","    maxerr: 8,","    maxlen: 96,","    node: true,","    nomen: true,","    regexp: true,","    stupid: true","*/","(function () {","    'use strict';","    var local;","","","","    // run shared js-env code - pre-init","    (function () {","        // init local","        local = {};","        // init modeJs","        local.modeJs = (function () {","            try {","                return typeof navigator.userAgent === 'string' &&","                    typeof document.querySelector('body') === 'object' &&","                    typeof XMLHttpRequest.prototype.open === 'function' &&","                    'browser';","            } catch (errorCaughtBrowser) {","                return module.exports &&","                    typeof process.versions.node === 'string' &&","                    typeof require('http').createServer === 'function' &&","                    'node';","            }","        }());","        // init global","        local.global = local.modeJs === 'browser'","            ? window","            : global;","        switch (local.modeJs) {","        // re-init local from window.local","        case 'browser':","            local = local.global.utility2.objectSetDefault(","                local.global.utility2_rollup || local.global.local,","                local.global.utility2","            );","            break;","        // re-init local from example.js","        case 'node':","            local = (local.global.utility2_rollup || require('utility2'))","                .requireReadme();","            break;","        }","        // export local","        local.global.local = local;","    }());","","","","    // run shared js-env code - function","    (function () {","        return;","    }());","    switch (local.modeJs) {","","","","    // run browser js-env code - function","    case 'browser':","        break;","","","","    // run node js-env code - function","    case 'node':","        break;","    }","","","","    // run shared js-env code - post-init","    (function () {","        return;","    }());","    switch (local.modeJs) {","","","","    // run browser js-env code - post-init","    case 'browser':","        local.testCase_browser_nullCase = local.testCase_browser_nullCase || function (","            options,","            onError","        ) {","        /*","         * this function will test browsers's null-case handling-behavior-behavior","         */","            onError(null, options);","        };","","        // run tests","        local.nop(local.modeTest &&","            document.querySelector('#testRunButton1') &&","            document.querySelector('#testRunButton1').click());","        break;","","","","    // run node js-env code - post-init","    /* istanbul ignore next */","    case 'node':","        local.testCase_buildApidoc_default = local.testCase_buildApidoc_default || function (","            options,","            onError","        ) {","        /*","         * this function will test buildApidoc's default handling-behavior-behavior","         */","            options = { modulePathList: module.paths };","            local.buildApidoc(options, onError);","        };","","        local.testCase_buildApp_default = local.testCase_buildApp_default || function (","            options,","            onError","        ) {","        /*","         * this function will test buildApp's default handling-behavior-behavior","         */","            local.testCase_buildReadme_default(options, local.onErrorThrow);","            local.testCase_buildLib_default(options, local.onErrorThrow);","            local.testCase_buildTest_default(options, local.onErrorThrow);","            local.testCase_buildCustomOrg_default(options, local.onErrorThrow);","            options = [];","            local.buildApp(options, onError);","        };","","        local.testCase_buildCustomOrg_default = local.testCase_buildCustomOrg_default ||","            function (options, onError) {","            /*","             * this function will test buildCustomOrg's default handling-behavior","             */","                options = {};","                local.buildCustomOrg(options, onError);","            };","","        local.testCase_buildLib_default = local.testCase_buildLib_default || function (","            options,","            onError","        ) {","        /*","         * this function will test buildLib's default handling-behavior","         */","            options = {};","            local.buildLib(options, onError);","        };","","        local.testCase_buildReadme_default = local.testCase_buildReadme_default || function (","            options,","            onError","        ) {","        /*","         * this function will test buildReadme's default handling-behavior-behavior","         */","            options = {};","            local.buildReadme(options, onError);","        };","","        local.testCase_buildTest_default = local.testCase_buildTest_default || function (","            options,","            onError","        ) {","        /*","         * this function will test buildTest's default handling-behavior","         */","            options = {};","            local.buildTest(options, onError);","        };","","        local.testCase_webpage_default = local.testCase_webpage_default || function (","            options,","            onError","        ) {","        /*","         * this function will test webpage's default handling-behavior","         */","            options = { modeCoverageMerge: true, url: local.serverLocalHost + '?modeTest=1' };","            local.browserTest(options, onError);","        };","","        // run test-server","        local.testRunServer(local);","        break;","    }","}());",""],"l":{"12":2,"14":2,"19":2,"21":2,"23":2,"24":2,"25":2,"30":1,"37":2,"40":2,"43":1,"47":1,"50":1,"52":1,"55":2,"61":2,"62":2,"64":2,"70":1,"76":1,"82":2,"83":2,"85":2,"91":1,"98":1,"102":1,"105":1,"112":1,"119":1,"120":1,"123":1,"130":1,"131":1,"132":1,"133":1,"134":1,"135":1,"138":1,"143":2,"144":2,"147":1,"154":2,"155":2,"158":1,"165":2,"166":2,"169":1,"176":2,"177":2,"180":1,"187":1,"188":1,"192":1,"193":1}},"/home/travis/build/npmtest/node-npmtest-cluster/lib.npmtest_cluster.js":{"path":"/home/travis/build/npmtest/node-npmtest-cluster/lib.npmtest_cluster.js","s":{"1":2,"2":2,"3":2,"4":2,"5":2,"6":2,"7":2,"8":1,"9":2,"10":2,"11":2,"12":2,"13":1,"14":1,"15":1,"16":1},"b":{"1":[2,1,1,1],"2":[1,1,1,1],"3":[1,1],"4":[2,2],"5":[1,1]},"f":{"1":2,"2":2,"3":2},"fnMap":{"1":{"name":"(anonymous_1)","line":12,"loc":{"start":{"line":12,"column":1},"end":{"line":12,"column":13}}},"2":{"name":"(anonymous_2)","line":19,"loc":{"start":{"line":19,"column":5},"end":{"line":19,"column":17}}},"3":{"name":"(anonymous_3)","line":23,"loc":{"start":{"line":23,"column":24},"end":{"line":23,"column":36}}}},"statementMap":{"1":{"start":{"line":12,"column":0},"end":{"line":53,"column":5}},"2":{"start":{"line":14,"column":4},"end":{"line":14,"column":14}},"3":{"start":{"line":19,"column":4},"end":{"line":52,"column":9}},"4":{"start":{"line":21,"column":8},"end":{"line":21,"column":19}},"5":{"start":{"line":23,"column":8},"end":{"line":35,"column":13}},"6":{"start":{"line":24,"column":12},"end":{"line":34,"column":13}},"7":{"start":{"line":25,"column":16},"end":{"line":28,"column":30}},"8":{"start":{"line":30,"column":16},"end":{"line":33,"column":27}},"9":{"start":{"line":37,"column":8},"end":{"line":39,"column":21}},"10":{"start":{"line":41,"column":8},"end":{"line":41,"column":54}},"11":{"start":{"line":43,"column":8},"end":{"line":43,"column":52}},"12":{"start":{"line":45,"column":8},"end":{"line":51,"column":9}},"13":{"start":{"line":46,"column":12},"end":{"line":46,"column":58}},"14":{"start":{"line":48,"column":12},"end":{"line":48,"column":35}},"15":{"start":{"line":49,"column":12},"end":{"line":49,"column":49}},"16":{"start":{"line":50,"column":12},"end":{"line":50,"column":43}}},"branchMap":{"1":{"line":25,"type":"binary-expr","locations":[{"start":{"line":25,"column":23},"end":{"line":25,"column":62}},{"start":{"line":26,"column":20},"end":{"line":26,"column":70}},{"start":{"line":27,"column":20},"end":{"line":27,"column":71}},{"start":{"line":28,"column":20},"end":{"line":28,"column":29}}]},"2":{"line":30,"type":"binary-expr","locations":[{"start":{"line":30,"column":23},"end":{"line":30,"column":37}},{"start":{"line":31,"column":20},"end":{"line":31,"column":61}},{"start":{"line":32,"column":20},"end":{"line":32,"column":70}},{"start":{"line":33,"column":20},"end":{"line":33,"column":26}}]},"3":{"line":37,"type":"cond-expr","locations":[{"start":{"line":38,"column":14},"end":{"line":38,"column":20}},{"start":{"line":39,"column":14},"end":{"line":39,"column":20}}]},"4":{"line":41,"type":"binary-expr","locations":[{"start":{"line":41,"column":16},"end":{"line":41,"column":44}},{"start":{"line":41,"column":48},"end":{"line":41,"column":53}}]},"5":{"line":45,"type":"if","locations":[{"start":{"line":45,"column":8},"end":{"line":45,"column":8}},{"start":{"line":45,"column":8},"end":{"line":45,"column":8}}]}},"code":["/* istanbul instrument in package npmtest_cluster */","/*jslint","    bitwise: true,","    browser: true,","    maxerr: 8,","    maxlen: 96,","    node: true,","    nomen: true,","    regexp: true,","    stupid: true","*/","(function () {","    'use strict';","    var local;","","","","    // run shared js-env code - pre-init","    (function () {","        // init local","        local = {};","        // init modeJs","        local.modeJs = (function () {","            try {","                return typeof navigator.userAgent === 'string' &&","                    typeof document.querySelector('body') === 'object' &&","                    typeof XMLHttpRequest.prototype.open === 'function' &&","                    'browser';","            } catch (errorCaughtBrowser) {","                return module.exports &&","                    typeof process.versions.node === 'string' &&","                    typeof require('http').createServer === 'function' &&","                    'node';","            }","        }());","        // init global","        local.global = local.modeJs === 'browser'","            ? window","            : global;","        // init utility2_rollup","        local = local.global.utility2_rollup || local;","        // init lib","        local.local = local.npmtest_cluster = local;","        // init exports","        if (local.modeJs === 'browser') {","            local.global.utility2_npmtest_cluster = local;","        } else {","            module.exports = local;","            module.exports.__dirname = __dirname;","            module.exports.module = module;","        }","    }());","}());",""],"l":{"12":2,"14":2,"19":2,"21":2,"23":2,"24":2,"25":2,"30":1,"37":2,"41":2,"43":2,"45":2,"46":1,"48":1,"49":1,"50":1}},"/home/travis/build/npmtest/node-npmtest-cluster/example.js":{"path":"/home/travis/build/npmtest/node-npmtest-cluster/example.js","s":{"1":2,"2":2,"3":2,"4":2,"5":2,"6":2,"7":2,"8":1,"9":2,"10":2,"11":2,"12":2,"13":1,"14":2,"15":2,"16":2,"17":2,"18":2,"19":0,"20":2,"21":1,"22":1,"23":1,"24":1,"25":1,"26":0,"27":0,"28":1,"29":1,"30":2,"31":0,"32":0,"33":0,"34":1,"35":2,"36":2,"37":3,"38":3,"39":3,"40":3,"41":0,"42":3,"43":3,"44":3,"45":1,"46":3,"47":1,"48":1,"49":1,"50":1,"51":1,"52":1,"53":1,"54":1,"55":1,"56":1,"57":0,"58":1,"59":6,"60":6,"61":1,"62":2,"63":0,"64":2,"65":1,"66":1,"67":0,"68":0,"69":0,"70":0,"71":0,"72":0,"73":0,"74":0,"75":0,"76":0,"77":0,"78":0,"79":0,"80":0,"81":0,"82":0,"83":0},"b":{"1":[2,1,1,1],"2":[1,1,1,1],"3":[1,1],"4":[2,2],"5":[1,1],"6":[1,1],"7":[2,0],"8":[2,1,1,1,1,1],"9":[0,2,0],"10":[1,1],"11":[2,1,1],"12":[1,0],"13":[0,2],"14":[2,0,0,0,0,0,0],"15":[0,3],"16":[3,0],"17":[1,1],"18":[0,1],"19":[1,2,0,2],"20":[1,0],"21":[1,1],"22":[0,0],"23":[0,0],"24":[0,0],"25":[0,0],"26":[0,0],"27":[0,0],"28":[0,0]},"f":{"1":2,"2":2,"3":2,"4":2,"5":2,"6":2,"7":3,"8":3,"9":3,"10":1,"11":6,"12":0},"fnMap":{"1":{"name":"(anonymous_1)","line":26,"loc":{"start":{"line":26,"column":1},"end":{"line":26,"column":13}}},"2":{"name":"(anonymous_2)","line":33,"loc":{"start":{"line":33,"column":5},"end":{"line":33,"column":17}}},"3":{"name":"(anonymous_3)","line":37,"loc":{"start":{"line":37,"column":24},"end":{"line":37,"column":36}}},"4":{"name":"(anonymous_4)","line":69,"loc":{"start":{"line":69,"column":31},"end":{"line":69,"column":48}},"skip":true},"5":{"name":"(anonymous_5)","line":78,"loc":{"start":{"line":78,"column":26},"end":{"line":78,"column":45}},"skip":true},"6":{"name":"(anonymous_6)","line":123,"loc":{"start":{"line":123,"column":33},"end":{"line":123,"column":48}},"skip":true},"7":{"name":"(anonymous_7)","line":125,"loc":{"start":{"line":125,"column":27},"end":{"line":125,"column":39}},"skip":true},"8":{"name":"(anonymous_8)","line":133,"loc":{"start":{"line":133,"column":59},"end":{"line":133,"column":74}},"skip":true},"9":{"name":"(anonymous_9)","line":143,"loc":{"start":{"line":143,"column":45},"end":{"line":143,"column":62}},"skip":true},"10":{"name":"(anonymous_10)","line":144,"loc":{"start":{"line":144,"column":73},"end":{"line":144,"column":92}},"skip":true},"11":{"name":"(anonymous_11)","line":272,"loc":{"start":{"line":272,"column":51},"end":{"line":272,"column":77}},"skip":true},"12":{"name":"(anonymous_12)","line":315,"loc":{"start":{"line":315,"column":32},"end":{"line":315,"column":61}},"skip":true}},"statementMap":{"1":{"start":{"line":26,"column":0},"end":{"line":326,"column":5}},"2":{"start":{"line":28,"column":4},"end":{"line":28,"column":14}},"3":{"start":{"line":33,"column":4},"end":{"line":60,"column":9}},"4":{"start":{"line":35,"column":8},"end":{"line":35,"column":19}},"5":{"start":{"line":37,"column":8},"end":{"line":49,"column":13}},"6":{"start":{"line":38,"column":12},"end":{"line":48,"column":13}},"7":{"start":{"line":39,"column":16},"end":{"line":42,"column":30}},"8":{"start":{"line":44,"column":16},"end":{"line":47,"column":27}},"9":{"start":{"line":51,"column":8},"end":{"line":53,"column":21}},"10":{"start":{"line":55,"column":8},"end":{"line":57,"column":45}},"11":{"start":{"line":59,"column":8},"end":{"line":59,"column":35}},"12":{"start":{"line":61,"column":4},"end":{"line":325,"column":5}},"13":{"start":{"line":69,"column":8},"end":{"line":121,"column":10},"skip":true},"14":{"start":{"line":70,"column":12},"end":{"line":88,"column":13},"skip":true},"15":{"start":{"line":76,"column":16},"end":{"line":87,"column":19},"skip":true},"16":{"start":{"line":79,"column":20},"end":{"line":86,"column":21},"skip":true},"17":{"start":{"line":82,"column":24},"end":{"line":82,"column":43},"skip":true},"18":{"start":{"line":83,"column":24},"end":{"line":83,"column":30},"skip":true},"19":{"start":{"line":85,"column":24},"end":{"line":85,"column":49},"skip":true},"20":{"start":{"line":89,"column":12},"end":{"line":107,"column":13},"skip":true},"21":{"start":{"line":92,"column":16},"end":{"line":102,"column":17},"skip":true},"22":{"start":{"line":93,"column":20},"end":{"line":93,"column":86},"skip":true},"23":{"start":{"line":94,"column":20},"end":{"line":95,"column":45},"skip":true},"24":{"start":{"line":96,"column":20},"end":{"line":96,"column":42},"skip":true},"25":{"start":{"line":97,"column":20},"end":{"line":97,"column":48},"skip":true},"26":{"start":{"line":100,"column":20},"end":{"line":100,"column":85},"skip":true},"27":{"start":{"line":101,"column":20},"end":{"line":101,"column":96},"skip":true},"28":{"start":{"line":103,"column":16},"end":{"line":103,"column":22},"skip":true},"29":{"start":{"line":106,"column":16},"end":{"line":106,"column":22},"skip":true},"30":{"start":{"line":108,"column":12},"end":{"line":120,"column":13},"skip":true},"31":{"start":{"line":114,"column":16},"end":{"line":119,"column":17},"skip":true},"32":{"start":{"line":116,"column":20},"end":{"line":116,"column":78},"skip":true},"33":{"start":{"line":118,"column":20},"end":{"line":118,"column":47},"skip":true},"34":{"start":{"line":123,"column":8},"end":{"line":141,"column":11},"skip":true},"35":{"start":{"line":124,"column":12},"end":{"line":124,"column":54},"skip":true},"36":{"start":{"line":125,"column":12},"end":{"line":140,"column":14},"skip":true},"37":{"start":{"line":126,"column":16},"end":{"line":126,"column":28},"skip":true},"38":{"start":{"line":127,"column":16},"end":{"line":127,"column":69},"skip":true},"39":{"start":{"line":128,"column":16},"end":{"line":128,"column":75},"skip":true},"40":{"start":{"line":129,"column":16},"end":{"line":131,"column":17},"skip":true},"41":{"start":{"line":130,"column":20},"end":{"line":130,"column":27},"skip":true},"42":{"start":{"line":133,"column":16},"end":{"line":137,"column":36},"skip":true},"43":{"start":{"line":134,"column":20},"end":{"line":136,"column":55},"skip":true},"44":{"start":{"line":139,"column":16},"end":{"line":139,"column":57},"skip":true},"45":{"start":{"line":143,"column":8},"end":{"line":147,"column":11},"skip":true},"46":{"start":{"line":144,"column":12},"end":{"line":146,"column":15},"skip":true},"47":{"start":{"line":145,"column":16},"end":{"line":145,"column":70},"skip":true},"48":{"start":{"line":149,"column":8},"end":{"line":149,"column":31},"skip":true},"49":{"start":{"line":150,"column":8},"end":{"line":150,"column":14},"skip":true},"50":{"start":{"line":158,"column":8},"end":{"line":158,"column":31},"skip":true},"51":{"start":{"line":160,"column":8},"end":{"line":160,"column":33},"skip":true},"52":{"start":{"line":161,"column":8},"end":{"line":161,"column":37},"skip":true},"53":{"start":{"line":162,"column":8},"end":{"line":162,"column":35},"skip":true},"54":{"start":{"line":164,"column":8},"end":{"line":164,"column":50},"skip":true},"55":{"start":{"line":166,"column":8},"end":{"line":256,"column":2},"skip":true},"56":{"start":{"line":258,"column":8},"end":{"line":286,"column":9},"skip":true},"57":{"start":{"line":259,"column":12},"end":{"line":269,"column":14},"skip":true},"58":{"start":{"line":271,"column":12},"end":{"line":285,"column":19},"skip":true},"59":{"start":{"line":274,"column":20},"end":{"line":274,"column":35},"skip":true},"60":{"start":{"line":275,"column":20},"end":{"line":284,"column":21},"skip":true},"61":{"start":{"line":277,"column":24},"end":{"line":277,"column":64},"skip":true},"62":{"start":{"line":279,"column":24},"end":{"line":279,"column":40},"skip":true},"63":{"start":{"line":281,"column":24},"end":{"line":281,"column":40},"skip":true},"64":{"start":{"line":283,"column":24},"end":{"line":283,"column":39},"skip":true},"65":{"start":{"line":288,"column":8},"end":{"line":290,"column":9},"skip":true},"66":{"start":{"line":289,"column":12},"end":{"line":289,"column":18},"skip":true},"67":{"start":{"line":291,"column":8},"end":{"line":293,"column":54},"skip":true},"68":{"start":{"line":296,"column":8},"end":{"line":301,"column":37},"skip":true},"69":{"start":{"line":303,"column":8},"end":{"line":303,"column":82},"skip":true},"70":{"start":{"line":306,"column":8},"end":{"line":308,"column":9},"skip":true},"71":{"start":{"line":307,"column":12},"end":{"line":307,"column":82},"skip":true},"72":{"start":{"line":310,"column":8},"end":{"line":312,"column":9},"skip":true},"73":{"start":{"line":311,"column":12},"end":{"line":311,"column":18},"skip":true},"74":{"start":{"line":313,"column":8},"end":{"line":313,"column":54},"skip":true},"75":{"start":{"line":314,"column":8},"end":{"line":314,"column":69},"skip":true},"76":{"start":{"line":315,"column":8},"end":{"line":323,"column":36},"skip":true},"77":{"start":{"line":316,"column":12},"end":{"line":316,"column":61},"skip":true},"78":{"start":{"line":317,"column":12},"end":{"line":320,"column":13},"skip":true},"79":{"start":{"line":318,"column":16},"end":{"line":318,"column":75},"skip":true},"80":{"start":{"line":319,"column":16},"end":{"line":319,"column":23},"skip":true},"81":{"start":{"line":321,"column":12},"end":{"line":321,"column":38},"skip":true},"82":{"start":{"line":322,"column":12},"end":{"line":322,"column":27},"skip":true},"83":{"start":{"line":324,"column":8},"end":{"line":324,"column":14},"skip":true}},"branchMap":{"1":{"line":39,"type":"binary-expr","locations":[{"start":{"line":39,"column":23},"end":{"line":39,"column":62}},{"start":{"line":40,"column":20},"end":{"line":40,"column":70}},{"start":{"line":41,"column":20},"end":{"line":41,"column":71}},{"start":{"line":42,"column":20},"end":{"line":42,"column":29}}]},"2":{"line":44,"type":"binary-expr","locations":[{"start":{"line":44,"column":23},"end":{"line":44,"column":37}},{"start":{"line":45,"column":20},"end":{"line":45,"column":61}},{"start":{"line":46,"column":20},"end":{"line":46,"column":70}},{"start":{"line":47,"column":20},"end":{"line":47,"column":26}}]},"3":{"line":51,"type":"cond-expr","locations":[{"start":{"line":52,"column":14},"end":{"line":52,"column":20}},{"start":{"line":53,"column":14},"end":{"line":53,"column":20}}]},"4":{"line":55,"type":"binary-expr","locations":[{"start":{"line":55,"column":16},"end":{"line":55,"column":44}},{"start":{"line":55,"column":49},"end":{"line":57,"column":43}}]},"5":{"line":55,"type":"cond-expr","locations":[{"start":{"line":56,"column":14},"end":{"line":56,"column":51}},{"start":{"line":57,"column":14},"end":{"line":57,"column":43}}]},"6":{"line":61,"type":"switch","locations":[{"start":{"line":68,"column":4},"end":{"line":150,"column":14},"skip":true},{"start":{"line":156,"column":4},"end":{"line":324,"column":14},"skip":true}]},"7":{"line":70,"type":"if","locations":[{"start":{"line":70,"column":12},"end":{"line":70,"column":12},"skip":true},{"start":{"line":70,"column":12},"end":{"line":70,"column":12},"skip":true}]},"8":{"line":70,"type":"binary-expr","locations":[{"start":{"line":70,"column":16},"end":{"line":70,"column":22},"skip":true},{"start":{"line":70,"column":27},"end":{"line":70,"column":32},"skip":true},{"start":{"line":71,"column":20},"end":{"line":71,"column":39},"skip":true},{"start":{"line":72,"column":20},"end":{"line":72,"column":49},"skip":true},{"start":{"line":73,"column":20},"end":{"line":73,"column":58},"skip":true},{"start":{"line":74,"column":20},"end":{"line":74,"column":69},"skip":true}]},"9":{"line":79,"type":"switch","locations":[{"start":{"line":80,"column":20},"end":{"line":80,"column":33},"skip":true},{"start":{"line":81,"column":20},"end":{"line":83,"column":30},"skip":true},{"start":{"line":84,"column":20},"end":{"line":85,"column":49},"skip":true}]},"10":{"line":89,"type":"switch","locations":[{"start":{"line":90,"column":12},"end":{"line":103,"column":22},"skip":true},{"start":{"line":105,"column":12},"end":{"line":106,"column":22},"skip":true}]},"11":{"line":89,"type":"binary-expr","locations":[{"start":{"line":89,"column":20},"end":{"line":89,"column":25},"skip":true},{"start":{"line":89,"column":29},"end":{"line":89,"column":48},"skip":true},{"start":{"line":89,"column":52},"end":{"line":89,"column":74},"skip":true}]},"12":{"line":92,"type":"if","locations":[{"start":{"line":92,"column":16},"end":{"line":92,"column":16},"skip":true},{"start":{"line":92,"column":16},"end":{"line":92,"column":16},"skip":true}]},"13":{"line":108,"type":"if","locations":[{"start":{"line":108,"column":12},"end":{"line":108,"column":12},"skip":true},{"start":{"line":108,"column":12},"end":{"line":108,"column":12},"skip":true}]},"14":{"line":108,"type":"binary-expr","locations":[{"start":{"line":108,"column":16},"end":{"line":108,"column":61},"skip":true},{"start":{"line":108,"column":66},"end":{"line":108,"column":72},"skip":true},{"start":{"line":108,"column":77},"end":{"line":108,"column":82},"skip":true},{"start":{"line":109,"column":20},"end":{"line":109,"column":39},"skip":true},{"start":{"line":110,"column":20},"end":{"line":110,"column":49},"skip":true},{"start":{"line":111,"column":20},"end":{"line":111,"column":58},"skip":true},{"start":{"line":112,"column":20},"end":{"line":112,"column":68},"skip":true}]},"15":{"line":129,"type":"if","locations":[{"start":{"line":129,"column":16},"end":{"line":129,"column":16},"skip":true},{"start":{"line":129,"column":16},"end":{"line":129,"column":16},"skip":true}]},"16":{"line":134,"type":"cond-expr","locations":[{"start":{"line":135,"column":26},"end":{"line":135,"column":29},"skip":true},{"start":{"line":136,"column":26},"end":{"line":136,"column":54},"skip":true}]},"17":{"line":164,"type":"binary-expr","locations":[{"start":{"line":164,"column":27},"end":{"line":164,"column":43},"skip":true},{"start":{"line":164,"column":47},"end":{"line":164,"column":49},"skip":true}]},"18":{"line":258,"type":"if","locations":[{"start":{"line":258,"column":8},"end":{"line":258,"column":8},"skip":true},{"start":{"line":258,"column":8},"end":{"line":258,"column":8},"skip":true}]},"19":{"line":275,"type":"switch","locations":[{"start":{"line":276,"column":20},"end":{"line":277,"column":64},"skip":true},{"start":{"line":278,"column":20},"end":{"line":279,"column":40},"skip":true},{"start":{"line":280,"column":20},"end":{"line":281,"column":40},"skip":true},{"start":{"line":282,"column":20},"end":{"line":283,"column":39},"skip":true}]},"20":{"line":288,"type":"if","locations":[{"start":{"line":288,"column":8},"end":{"line":288,"column":8},"skip":true},{"start":{"line":288,"column":8},"end":{"line":288,"column":8},"skip":true}]},"21":{"line":288,"type":"binary-expr","locations":[{"start":{"line":288,"column":12},"end":{"line":288,"column":40},"skip":true},{"start":{"line":288,"column":44},"end":{"line":288,"column":67},"skip":true}]},"22":{"line":292,"type":"binary-expr","locations":[{"start":{"line":292,"column":12},"end":{"line":292,"column":50},"skip":true},{"start":{"line":293,"column":12},"end":{"line":293,"column":53},"skip":true}]},"23":{"line":297,"type":"binary-expr","locations":[{"start":{"line":297,"column":12},"end":{"line":297,"column":65},"skip":true},{"start":{"line":298,"column":12},"end":{"line":301,"column":36},"skip":true}]},"24":{"line":303,"type":"binary-expr","locations":[{"start":{"line":303,"column":43},"end":{"line":303,"column":75},"skip":true},{"start":{"line":303,"column":79},"end":{"line":303,"column":81},"skip":true}]},"25":{"line":306,"type":"if","locations":[{"start":{"line":306,"column":8},"end":{"line":306,"column":8},"skip":true},{"start":{"line":306,"column":8},"end":{"line":306,"column":8},"skip":true}]},"26":{"line":310,"type":"if","locations":[{"start":{"line":310,"column":8},"end":{"line":310,"column":8},"skip":true},{"start":{"line":310,"column":8},"end":{"line":310,"column":8},"skip":true}]},"27":{"line":313,"type":"binary-expr","locations":[{"start":{"line":313,"column":27},"end":{"line":313,"column":43},"skip":true},{"start":{"line":313,"column":47},"end":{"line":313,"column":53},"skip":true}]},"28":{"line":317,"type":"if","locations":[{"start":{"line":317,"column":12},"end":{"line":317,"column":12},"skip":true},{"start":{"line":317,"column":12},"end":{"line":317,"column":12},"skip":true}]}},"code":["/*","example.js","","quickstart example","","instruction","    1. save this script as example.js","    2. run the shell command:","        $ npm install npmtest-cluster && PORT=8081 node example.js","    3. play with the browser-demo on http://127.0.0.1:8081","*/","","","","/* istanbul instrument in package npmtest_cluster */","/*jslint","    bitwise: true,","    browser: true,","    maxerr: 8,","    maxlen: 96,","    node: true,","    nomen: true,","    regexp: true,","    stupid: true","*/","(function () {","    'use strict';","    var local;","","","","    // run shared js-env code - pre-init","    (function () {","        // init local","        local = {};","        // init modeJs","        local.modeJs = (function () {","            try {","                return typeof navigator.userAgent === 'string' &&","                    typeof document.querySelector('body') === 'object' &&","                    typeof XMLHttpRequest.prototype.open === 'function' &&","                    'browser';","            } catch (errorCaughtBrowser) {","                return module.exports &&","                    typeof process.versions.node === 'string' &&","                    typeof require('http').createServer === 'function' &&","                    'node';","            }","        }());","        // init global","        local.global = local.modeJs === 'browser'","            ? window","            : global;","        // init utility2_rollup","        local = local.global.utility2_rollup || (local.modeJs === 'browser'","            ? local.global.utility2_npmtest_cluster","            : global.utility2_moduleExports);","        // export local","        local.global.local = local;","    }());","    switch (local.modeJs) {","","","","    // post-init","    // run browser js-env code - post-init","    /* istanbul ignore next */","    case 'browser':","        local.testRunBrowser = function (event) {","            if (!event || (event &&","                    event.currentTarget &&","                    event.currentTarget.className &&","                    event.currentTarget.className.includes &&","                    event.currentTarget.className.includes('onreset'))) {","                // reset output","                Array.from(","                    document.querySelectorAll('body > .resettable')","                ).forEach(function (element) {","                    switch (element.tagName) {","                    case 'INPUT':","                    case 'TEXTAREA':","                        element.value = '';","                        break;","                    default:","                        element.textContent = '';","                    }","                });","            }","            switch (event && event.currentTarget && event.currentTarget.id) {","            case 'testRunButton1':","                // show tests","                if (document.querySelector('#testReportDiv1').style.display === 'none') {","                    document.querySelector('#testReportDiv1').style.display = 'block';","                    document.querySelector('#testRunButton1').textContent =","                        'hide internal test';","                    local.modeTest = true;","                    local.testRunDefault(local);","                // hide tests","                } else {","                    document.querySelector('#testReportDiv1').style.display = 'none';","                    document.querySelector('#testRunButton1').textContent = 'run internal test';","                }","                break;","            // custom-case","            default:","                break;","            }","            if (document.querySelector('#inputTextareaEval1') && (!event || (event &&","                    event.currentTarget &&","                    event.currentTarget.className &&","                    event.currentTarget.className.includes &&","                    event.currentTarget.className.includes('oneval')))) {","                // try to eval input-code","                try {","                    /*jslint evil: true*/","                    eval(document.querySelector('#inputTextareaEval1').value);","                } catch (errorCaught) {","                    console.error(errorCaught);","                }","            }","        };","        // log stderr and stdout to #outputTextareaStdout1","        ['error', 'log'].forEach(function (key) {","            console[key + '_original'] = console[key];","            console[key] = function () {","                var element;","                console[key + '_original'].apply(console, arguments);","                element = document.querySelector('#outputTextareaStdout1');","                if (!element) {","                    return;","                }","                // append text to #outputTextareaStdout1","                element.value += Array.from(arguments).map(function (arg) {","                    return typeof arg === 'string'","                        ? arg","                        : JSON.stringify(arg, null, 4);","                }).join(' ') + '\\n';","                // scroll textarea to bottom","                element.scrollTop = element.scrollHeight;","            };","        });","        // init event-handling","        ['change', 'click', 'keyup'].forEach(function (event) {","            Array.from(document.querySelectorAll('.on' + event)).forEach(function (element) {","                element.addEventListener(event, local.testRunBrowser);","            });","        });","        // run tests","        local.testRunBrowser();","        break;","","","","    // run node js-env code - post-init","    /* istanbul ignore next */","    case 'node':","        // export local","        module.exports = local;","        // require modules","        local.fs = require('fs');","        local.http = require('http');","        local.url = require('url');","        // init assets","        local.assetsDict = local.assetsDict || {};","        /* jslint-ignore-begin */","        local.assetsDict['/assets.index.template.html'] = '\\","<!doctype html>\\n\\","<html lang=\"en\">\\n\\","<head>\\n\\","<meta charset=\"UTF-8\">\\n\\","<meta name=\"viewport\" content=\"width=device-width, initial-scale=1\">\\n\\","<title>{{env.npm_package_name}} (v{{env.npm_package_version}})</title>\\n\\","<style>\\n\\","/*csslint\\n\\","    box-sizing: false,\\n\\","    universal-selector: false\\n\\","*/\\n\\","* {\\n\\","    box-sizing: border-box;\\n\\","}\\n\\","body {\\n\\","    background: #dde;\\n\\","    font-family: Arial, Helvetica, sans-serif;\\n\\","    margin: 2rem;\\n\\","}\\n\\","body > * {\\n\\","    margin-bottom: 1rem;\\n\\","}\\n\\",".utility2FooterDiv {\\n\\","    margin-top: 20px;\\n\\","    text-align: center;\\n\\","}\\n\\","</style>\\n\\","<style>\\n\\","/*csslint\\n\\","*/\\n\\","textarea {\\n\\","    font-family: monospace;\\n\\","    height: 10rem;\\n\\","    width: 100%;\\n\\","}\\n\\","textarea[readonly] {\\n\\","    background: #ddd;\\n\\","}\\n\\","</style>\\n\\","</head>\\n\\","<body>\\n\\","<!-- utility2-comment\\n\\","<div id=\"ajaxProgressDiv1\" style=\"background: #d00; height: 2px; left: 0; margin: 0; padding: 0; position: fixed; top: 0; transition: background 0.5s, width 1.5s; width: 25%;\"></div>\\n\\","utility2-comment -->\\n\\","<h1>\\n\\","<!-- utility2-comment\\n\\","    <a\\n\\","        {{#if env.npm_package_homepage}}\\n\\","        href=\"{{env.npm_package_homepage}}\"\\n\\","        {{/if env.npm_package_homepage}}\\n\\","        target=\"_blank\"\\n\\","    >\\n\\","utility2-comment -->\\n\\","        {{env.npm_package_name}} (v{{env.npm_package_version}})\\n\\","<!-- utility2-comment\\n\\","    </a>\\n\\","utility2-comment -->\\n\\","</h1>\\n\\","<h3>{{env.npm_package_description}}</h3>\\n\\","<!-- utility2-comment\\n\\","<h4><a download href=\"assets.app.js\">download standalone app</a></h4>\\n\\","<button class=\"onclick onreset\" id=\"testRunButton1\">run internal test</button><br>\\n\\","<div id=\"testReportDiv1\" style=\"display: none;\"></div>\\n\\","utility2-comment -->\\n\\","\\n\\","\\n\\","\\n\\","<label>stderr and stdout</label>\\n\\","<textarea class=\"resettable\" id=\"outputTextareaStdout1\" readonly></textarea>\\n\\","<!-- utility2-comment\\n\\","{{#if isRollup}}\\n\\","<script src=\"assets.app.js\"></script>\\n\\","{{#unless isRollup}}\\n\\","utility2-comment -->\\n\\","<script src=\"assets.utility2.rollup.js\"></script>\\n\\","<script src=\"jsonp.utility2._stateInit?callback=window.utility2._stateInit\"></script>\\n\\","<script src=\"assets.npmtest_cluster.rollup.js\"></script>\\n\\","<script src=\"assets.example.js\"></script>\\n\\","<script src=\"assets.test.js\"></script>\\n\\","<!-- utility2-comment\\n\\","{{/if isRollup}}\\n\\","utility2-comment -->\\n\\","<div class=\"utility2FooterDiv\">\\n\\","    [ this app was created with\\n\\","    <a href=\"https://github.com/kaizhu256/node-utility2\" target=\"_blank\">utility2</a>\\n\\","    ]\\n\\","</div>\\n\\","</body>\\n\\","</html>\\n\\","';","        /* jslint-ignore-end */","        if (local.templateRender) {","            local.assetsDict['/'] = local.templateRender(","                local.assetsDict['/assets.index.template.html'],","                {","                    env: local.objectSetDefault(local.env, {","                        npm_package_description: 'the greatest app in the world!',","                        npm_package_name: 'my-app',","                        npm_package_nameAlias: 'my_app',","                        npm_package_version: '0.0.1'","                    })","                }","            );","        } else {","            local.assetsDict['/'] = local.assetsDict['/assets.index.template.html']","                .replace((/\\{\\{env\\.(\\w+?)\\}\\}/g), function (match0, match1) {","                    // jslint-hack","                    String(match0);","                    switch (match1) {","                    case 'npm_package_description':","                        return 'the greatest app in the world!';","                    case 'npm_package_name':","                        return 'my-app';","                    case 'npm_package_nameAlias':","                        return 'my_app';","                    case 'npm_package_version':","                        return '0.0.1';","                    }","                });","        }","        // run the cli","        if (local.global.utility2_rollup || module !== require.main) {","            break;","        }","        local.assetsDict['/assets.example.js'] =","            local.assetsDict['/assets.example.js'] ||","            local.fs.readFileSync(__filename, 'utf8');","        // bug-workaround - long $npm_package_buildCustomOrg","        /* jslint-ignore-begin */","        local.assetsDict['/assets.npmtest_cluster.rollup.js'] =","            local.assetsDict['/assets.npmtest_cluster.rollup.js'] ||","            local.fs.readFileSync(","                local.npmtest_cluster.__dirname + '/lib.npmtest_cluster.js',","                'utf8'","            ).replace((/^#!/), '//');","        /* jslint-ignore-end */","        local.assetsDict['/favicon.ico'] = local.assetsDict['/favicon.ico'] || '';","        // if $npm_config_timeout_exit exists,","        // then exit this process after $npm_config_timeout_exit ms","        if (Number(process.env.npm_config_timeout_exit)) {","            setTimeout(process.exit, Number(process.env.npm_config_timeout_exit));","        }","        // start server","        if (local.global.utility2_serverHttp1) {","            break;","        }","        process.env.PORT = process.env.PORT || '8081';","        console.error('server starting on port ' + process.env.PORT);","        local.http.createServer(function (request, response) {","            request.urlParsed = local.url.parse(request.url);","            if (local.assetsDict[request.urlParsed.pathname] !== undefined) {","                response.end(local.assetsDict[request.urlParsed.pathname]);","                return;","            }","            response.statusCode = 404;","            response.end();","        }).listen(process.env.PORT);","        break;","    }","}());",""],"l":{"26":2,"28":2,"33":2,"35":2,"37":2,"38":2,"39":2,"44":1,"51":2,"55":2,"59":2,"61":2,"69":1,"70":2,"76":2,"79":2,"82":2,"83":2,"85":1,"89":2,"92":1,"93":1,"94":1,"96":1,"97":1,"100":1,"101":1,"103":1,"106":1,"108":2,"114":1,"116":1,"118":1,"123":1,"124":2,"125":2,"126":3,"127":3,"128":3,"129":3,"130":1,"133":3,"134":3,"139":3,"143":1,"144":3,"145":1,"149":1,"150":1,"158":1,"160":1,"161":1,"162":1,"164":1,"166":1,"258":1,"259":1,"271":1,"274":6,"275":6,"277":1,"279":2,"281":1,"283":2,"288":1,"289":1,"291":1,"296":1,"303":1,"306":1,"307":1,"310":1,"311":1,"313":1,"314":1,"315":1,"316":1,"317":1,"318":1,"319":1,"321":1,"322":1,"324":1}},"/home/travis/build/npmtest/node-npmtest-cluster/node_modules/cluster/index.js":{"path":"/home/travis/build/npmtest/node-npmtest-cluster/node_modules/cluster/index.js","s":{"1":2},"b":{},"f":{},"fnMap":{},"statementMap":{"1":{"start":{"line":2,"column":0},"end":{"line":2,"column":42}}},"branchMap":{},"code":["","module.exports = require('./lib/cluster');"],"l":{"2":2}},"/home/travis/build/npmtest/node-npmtest-cluster/node_modules/cluster/lib/cluster.js":{"path":"/home/travis/build/npmtest/node-npmtest-cluster/node_modules/cluster/lib/cluster.js","s":{"1":4,"2":0,"3":0,"4":0,"5":1,"6":0,"7":0,"8":0,"9":0,"10":0},"b":{},"f":{"1":0,"2":0,"3":0},"fnMap":{"1":{"name":"start","line":41,"loc":{"start":{"line":41,"column":0},"end":{"line":41,"column":23}}},"2":{"name":"(anonymous_2)","line":49,"loc":{"start":{"line":49,"column":47},"end":{"line":49,"column":63}}},"3":{"name":"(anonymous_3)","line":51,"loc":{"start":{"line":51,"column":35},"end":{"line":51,"column":45}}}},"statementMap":{"1":{"start":{"line":12,"column":0},"end":{"line":13,"column":23}},"2":{"start":{"line":19,"column":0},"end":{"line":19,"column":33}},"3":{"start":{"line":25,"column":0},"end":{"line":25,"column":26}},"4":{"start":{"line":31,"column":0},"end":{"line":31,"column":35}},"5":{"start":{"line":41,"column":0},"end":{"line":43,"column":1}},"6":{"start":{"line":42,"column":2},"end":{"line":42,"column":28}},"7":{"start":{"line":49,"column":0},"end":{"line":54,"column":3}},"8":{"start":{"line":50,"column":2},"end":{"line":50,"column":37}},"9":{"start":{"line":51,"column":2},"end":{"line":53,"column":5}},"10":{"start":{"line":52,"column":4},"end":{"line":52,"column":42}}},"branchMap":{},"code":["","/*!"," * Cluster"," * Copyright(c) 2011 LearnBoost <dev@learnboost.com>"," * MIT Licensed"," */","","/**"," * Module dependencies."," */","","var Master = require('./master')","  , fs = require('fs');","","/**"," * Export `start` as the module."," */","","exports = module.exports = start;","","/**"," * Library version."," */","","exports.version = '0.7.7';","","/**"," * Expose utils."," */","","exports.utils = require('./utils');","","/**"," * Start a new `Master` with the given `server`."," *"," * @param {http.Server} server"," * @return {Master}"," * @api public"," */","","function start(server) {","  return new Master(server);","}","","/**"," * Expose middleware via lazy-requires."," */","","fs.readdirSync(__dirname + '/plugins').forEach(function(plugin){","  plugin = plugin.replace('.js', '');","  exports.__defineGetter__(plugin, function(){","    return require('./plugins/' + plugin);","  });","});"],"l":{"12":4,"19":0,"25":0,"31":0,"41":1,"42":0,"49":0,"50":0,"51":0,"52":0}},"/home/travis/build/npmtest/node-npmtest-cluster/node_modules/cluster/lib/master.js":{"path":"/home/travis/build/npmtest/node-npmtest-cluster/node_modules/cluster/lib/master.js","s":{"1":6,"2":0,"3":0,"4":0,"5":0,"6":0,"7":0,"8":0,"9":0,"10":0,"11":0,"12":0,"13":0,"14":0,"15":0,"16":0,"17":0,"18":0,"19":0,"20":0,"21":0,"22":0,"23":0,"24":0,"25":0,"26":0,"27":0,"28":0,"29":0,"30":0,"31":0,"32":0,"33":0,"34":0,"35":0,"36":0,"37":0,"38":0,"39":0,"40":0,"41":0,"42":0,"43":0,"44":0,"45":0,"46":0,"47":0,"48":0,"49":0,"50":0,"51":0,"52":0,"53":0,"54":0,"55":0,"56":0,"57":0,"58":0,"59":0,"60":0,"61":0,"62":0,"63":0,"64":0,"65":0,"66":0,"67":0,"68":0,"69":0,"70":0,"71":0,"72":0,"73":0,"74":0,"75":0,"76":0,"77":0,"78":0,"79":0,"80":0,"81":0,"82":0,"83":0,"84":0,"85":0,"86":0,"87":0,"88":0,"89":0,"90":0,"91":0,"92":0,"93":0,"94":0,"95":0,"96":0,"97":0,"98":0,"99":0,"100":0,"101":0,"102":0,"103":0,"104":0,"105":0,"106":0,"107":0,"108":0,"109":0,"110":0,"111":0,"112":0,"113":0,"114":0,"115":0,"116":0,"117":0,"118":0,"119":0,"120":0,"121":0,"122":0,"123":0,"124":0,"125":0,"126":0,"127":0,"128":0,"129":0,"130":0,"131":0,"132":0,"133":0,"134":0,"135":0,"136":0,"137":0,"138":0,"139":0,"140":0,"141":0,"142":0,"143":0,"144":0,"145":0,"146":0,"147":0,"148":0,"149":0,"150":0,"151":0,"152":0,"153":0,"154":0,"155":0,"156":0,"157":0,"158":0,"159":0,"160":0,"161":0,"162":0,"163":0,"164":0,"165":0,"166":0,"167":0,"168":0,"169":0,"170":0,"171":0,"172":0,"173":0,"174":0,"175":0,"176":0,"177":0,"178":0,"179":0,"180":0,"181":0,"182":0,"183":0,"184":0,"185":0,"186":0,"187":0,"188":0,"189":0,"190":0,"191":0,"192":0,"193":0,"194":0,"195":0,"196":0,"197":0,"198":0,"199":0,"200":0,"201":0,"202":0,"203":0,"204":0,"205":0,"206":0,"207":0,"208":0,"209":0,"210":0,"211":0,"212":0,"213":0,"214":0,"215":0,"216":0,"217":0,"218":0,"219":0,"220":0,"221":0,"222":0,"223":0,"224":0,"225":0,"226":0,"227":0,"228":1,"229":0,"230":0,"231":0,"232":0,"233":0,"234":0,"235":0,"236":0,"237":0,"238":0,"239":0,"240":0,"241":0,"242":0,"243":0,"244":0,"245":0,"246":0,"247":0,"248":0,"249":0,"250":0,"251":0,"252":0,"253":0,"254":0,"255":0,"256":0,"257":0,"258":0,"259":1,"260":0,"261":0,"262":0,"263":0,"264":0,"265":0,"266":0,"267":0,"268":0,"269":0,"270":0,"271":0,"272":0,"273":0,"274":0,"275":0,"276":0,"277":0,"278":0,"279":0,"280":0,"281":0,"282":0,"283":0,"284":0,"285":0,"286":0,"287":0,"288":0,"289":0,"290":0,"291":0,"292":0,"293":0,"294":0,"295":0,"296":0},"b":{"1":[0,0],"2":[0,0],"3":[0,0],"4":[0,0],"5":[0,0],"6":[0,0],"7":[0,0],"8":[0,0],"9":[0,0],"10":[0,0],"11":[0,0],"12":[0,0],"13":[0,0],"14":[0,0],"15":[0,0],"16":[0,0],"17":[0,0],"18":[0,0],"19":[0,0],"20":[0,0],"21":[0,0],"22":[0,0],"23":[0,0],"24":[0,0],"25":[0,0],"26":[0,0],"27":[0,0],"28":[0,0],"29":[0,0],"30":[0,0],"31":[0,0],"32":[0,0],"33":[0,0],"34":[0,0],"35":[0,0],"36":[0,0],"37":[0,0],"38":[0,0],"39":[0,0],"40":[0,0],"41":[0,0],"42":[0,0],"43":[0,0],"44":[0,0],"45":[0,0],"46":[0,0],"47":[0,0],"48":[0,0],"49":[0,0],"50":[0,0],"51":[0,0],"52":[0,0],"53":[0,0],"54":[0,0],"55":[0,0],"56":[0,0],"57":[0,0],"58":[0,0],"59":[0,0],"60":[0,0,0],"61":[0,0]},"f":{"1":0,"2":0,"3":0,"4":0,"5":0,"6":0,"7":0,"8":0,"9":0,"10":0,"11":0,"12":0,"13":0,"14":0,"15":0,"16":0,"17":0,"18":0,"19":0,"20":0,"21":0,"22":0,"23":0,"24":0,"25":0,"26":0,"27":0,"28":0,"29":0,"30":0,"31":0,"32":0,"33":0,"34":0,"35":0,"36":0,"37":0,"38":0,"39":0,"40":0,"41":0,"42":0,"43":0,"44":0,"45":0,"46":0,"47":0,"48":0,"49":0,"50":0,"51":0,"52":0,"53":0,"54":0,"55":0,"56":0,"57":0},"fnMap":{"1":{"name":"Master","line":81,"loc":{"start":{"line":81,"column":30},"end":{"line":81,"column":54}}},"2":{"name":"(anonymous_2)","line":137,"loc":{"start":{"line":137,"column":19},"end":{"line":137,"column":29}}},"3":{"name":"(anonymous_3)","line":142,"loc":{"start":{"line":142,"column":23},"end":{"line":142,"column":33}}},"4":{"name":"(anonymous_4)","line":149,"loc":{"start":{"line":149,"column":36},"end":{"line":149,"column":49}}},"5":{"name":"(anonymous_5)","line":177,"loc":{"start":{"line":177,"column":27},"end":{"line":177,"column":41}}},"6":{"name":"(anonymous_6)","line":191,"loc":{"start":{"line":191,"column":56},"end":{"line":191,"column":66}}},"7":{"name":"(anonymous_7)","line":206,"loc":{"start":{"line":206,"column":24},"end":{"line":206,"column":44}}},"8":{"name":"(anonymous_8)","line":231,"loc":{"start":{"line":231,"column":25},"end":{"line":231,"column":37}}},"9":{"name":"(anonymous_9)","line":251,"loc":{"start":{"line":251,"column":23},"end":{"line":251,"column":33}}},"10":{"name":"(anonymous_10)","line":270,"loc":{"start":{"line":270,"column":26},"end":{"line":270,"column":56}}},"11":{"name":"(anonymous_11)","line":277,"loc":{"start":{"line":277,"column":20},"end":{"line":277,"column":30}}},"12":{"name":"(anonymous_12)","line":278,"loc":{"start":{"line":278,"column":21},"end":{"line":278,"column":31}}},"13":{"name":"(anonymous_13)","line":285,"loc":{"start":{"line":285,"column":24},"end":{"line":285,"column":41}}},"14":{"name":"(anonymous_14)","line":300,"loc":{"start":{"line":300,"column":29},"end":{"line":300,"column":39}}},"15":{"name":"(anonymous_15)","line":304,"loc":{"start":{"line":304,"column":27},"end":{"line":304,"column":46}}},"16":{"name":"(anonymous_16)","line":321,"loc":{"start":{"line":321,"column":28},"end":{"line":321,"column":38}}},"17":{"name":"(anonymous_17)","line":331,"loc":{"start":{"line":331,"column":35},"end":{"line":331,"column":45}}},"18":{"name":"(anonymous_18)","line":332,"loc":{"start":{"line":332,"column":21},"end":{"line":332,"column":31}}},"19":{"name":"(anonymous_19)","line":359,"loc":{"start":{"line":359,"column":22},"end":{"line":359,"column":35}}},"20":{"name":"(anonymous_20)","line":373,"loc":{"start":{"line":373,"column":23},"end":{"line":373,"column":41}}},"21":{"name":"(anonymous_21)","line":385,"loc":{"start":{"line":385,"column":22},"end":{"line":385,"column":34}}},"22":{"name":"(anonymous_22)","line":398,"loc":{"start":{"line":398,"column":23},"end":{"line":398,"column":39}}},"23":{"name":"(anonymous_23)","line":410,"loc":{"start":{"line":410,"column":23},"end":{"line":410,"column":39}}},"24":{"name":"(anonymous_24)","line":429,"loc":{"start":{"line":429,"column":32},"end":{"line":429,"column":44}}},"25":{"name":"(anonymous_25)","line":440,"loc":{"start":{"line":440,"column":39},"end":{"line":440,"column":61}}},"26":{"name":"(anonymous_26)","line":461,"loc":{"start":{"line":461,"column":42},"end":{"line":461,"column":52}}},"27":{"name":"(anonymous_27)","line":476,"loc":{"start":{"line":476,"column":34},"end":{"line":476,"column":44}}},"28":{"name":"(anonymous_28)","line":493,"loc":{"start":{"line":493,"column":34},"end":{"line":493,"column":50}}},"29":{"name":"(anonymous_29)","line":503,"loc":{"start":{"line":503,"column":39},"end":{"line":503,"column":49}}},"30":{"name":"(anonymous_30)","line":504,"loc":{"start":{"line":504,"column":24},"end":{"line":504,"column":40}}},"31":{"name":"(anonymous_31)","line":519,"loc":{"start":{"line":519,"column":26},"end":{"line":519,"column":45}}},"32":{"name":"(anonymous_32)","line":543,"loc":{"start":{"line":543,"column":32},"end":{"line":543,"column":44}}},"33":{"name":"(anonymous_33)","line":560,"loc":{"start":{"line":560,"column":25},"end":{"line":560,"column":36}}},"34":{"name":"(anonymous_34)","line":573,"loc":{"start":{"line":573,"column":31},"end":{"line":573,"column":43}}},"35":{"name":"(anonymous_35)","line":607,"loc":{"start":{"line":607,"column":25},"end":{"line":607,"column":35}}},"36":{"name":"(anonymous_36)","line":620,"loc":{"start":{"line":620,"column":27},"end":{"line":620,"column":37}}},"37":{"name":"(anonymous_37)","line":635,"loc":{"start":{"line":635,"column":34},"end":{"line":635,"column":47}}},"38":{"name":"(anonymous_38)","line":645,"loc":{"start":{"line":645,"column":15},"end":{"line":645,"column":29}}},"39":{"name":"(anonymous_39)","line":662,"loc":{"start":{"line":662,"column":27},"end":{"line":662,"column":40}}},"40":{"name":"(anonymous_40)","line":675,"loc":{"start":{"line":675,"column":19},"end":{"line":675,"column":29}}},"41":{"name":"(anonymous_41)","line":692,"loc":{"start":{"line":692,"column":31},"end":{"line":692,"column":41}}},"42":{"name":"(anonymous_42)","line":724,"loc":{"start":{"line":724,"column":33},"end":{"line":724,"column":46}}},"43":{"name":"kill","line":727,"loc":{"start":{"line":727,"column":2},"end":{"line":727,"column":17}}},"44":{"name":"(anonymous_44)","line":743,"loc":{"start":{"line":743,"column":32},"end":{"line":743,"column":46}}},"45":{"name":"(anonymous_45)","line":753,"loc":{"start":{"line":753,"column":28},"end":{"line":753,"column":38}}},"46":{"name":"(anonymous_46)","line":759,"loc":{"start":{"line":759,"column":17},"end":{"line":759,"column":29}}},"47":{"name":"(anonymous_47)","line":775,"loc":{"start":{"line":775,"column":28},"end":{"line":775,"column":38}}},"48":{"name":"(anonymous_48)","line":789,"loc":{"start":{"line":789,"column":27},"end":{"line":789,"column":43}}},"49":{"name":"(anonymous_49)","line":801,"loc":{"start":{"line":801,"column":34},"end":{"line":801,"column":54}}},"50":{"name":"(anonymous_50)","line":806,"loc":{"start":{"line":806,"column":25},"end":{"line":806,"column":38}}},"51":{"name":"startListening","line":815,"loc":{"start":{"line":815,"column":2},"end":{"line":815,"column":28}}},"52":{"name":"(anonymous_52)","line":839,"loc":{"start":{"line":839,"column":32},"end":{"line":839,"column":48}}},"53":{"name":"(anonymous_53)","line":879,"loc":{"start":{"line":879,"column":35},"end":{"line":879,"column":56}}},"54":{"name":"(anonymous_54)","line":889,"loc":{"start":{"line":889,"column":33},"end":{"line":889,"column":58}}},"55":{"name":"(anonymous_55)","line":899,"loc":{"start":{"line":899,"column":33},"end":{"line":899,"column":62}}},"56":{"name":"(anonymous_56)","line":910,"loc":{"start":{"line":910,"column":24},"end":{"line":910,"column":37}}},"57":{"name":"(anonymous_57)","line":913,"loc":{"start":{"line":913,"column":24},"end":{"line":913,"column":40}}}},"statementMap":{"1":{"start":{"line":12,"column":0},"end":{"line":29,"column":23}},"2":{"start":{"line":35,"column":0},"end":{"line":35,"column":28}},"3":{"start":{"line":81,"column":0},"end":{"line":155,"column":2}},"4":{"start":{"line":82,"column":2},"end":{"line":82,"column":18}},"5":{"start":{"line":83,"column":2},"end":{"line":83,"column":23}},"6":{"start":{"line":84,"column":2},"end":{"line":84,"column":20}},"7":{"start":{"line":85,"column":2},"end":{"line":85,"column":21}},"8":{"start":{"line":86,"column":2},"end":{"line":86,"column":24}},"9":{"start":{"line":87,"column":2},"end":{"line":87,"column":26}},"10":{"start":{"line":88,"column":2},"end":{"line":88,"column":19}},"11":{"start":{"line":91,"column":2},"end":{"line":91,"column":35}},"12":{"start":{"line":92,"column":2},"end":{"line":92,"column":34}},"13":{"start":{"line":95,"column":2},"end":{"line":95,"column":51}},"14":{"start":{"line":98,"column":2},"end":{"line":108,"column":4}},"15":{"start":{"line":111,"column":2},"end":{"line":113,"column":11}},"16":{"start":{"line":116,"column":2},"end":{"line":116,"column":52}},"17":{"start":{"line":119,"column":2},"end":{"line":119,"column":76}},"18":{"start":{"line":122,"column":2},"end":{"line":122,"column":34}},"19":{"start":{"line":125,"column":2},"end":{"line":125,"column":25}},"20":{"start":{"line":126,"column":2},"end":{"line":126,"column":63}},"21":{"start":{"line":126,"column":21},"end":{"line":126,"column":63}},"22":{"start":{"line":129,"column":2},"end":{"line":129,"column":26}},"23":{"start":{"line":132,"column":2},"end":{"line":134,"column":3}},"24":{"start":{"line":133,"column":4},"end":{"line":133,"column":53}},"25":{"start":{"line":137,"column":2},"end":{"line":139,"column":5}},"26":{"start":{"line":138,"column":4},"end":{"line":138,"column":53}},"27":{"start":{"line":142,"column":2},"end":{"line":145,"column":5}},"28":{"start":{"line":143,"column":4},"end":{"line":143,"column":37}},"29":{"start":{"line":144,"column":4},"end":{"line":144,"column":26}},"30":{"start":{"line":148,"column":2},"end":{"line":154,"column":3}},"31":{"start":{"line":149,"column":4},"end":{"line":153,"column":7}},"32":{"start":{"line":150,"column":6},"end":{"line":150,"column":27}},"33":{"start":{"line":151,"column":6},"end":{"line":151,"column":46}},"34":{"start":{"line":152,"column":6},"end":{"line":152,"column":22}},"35":{"start":{"line":161,"column":0},"end":{"line":161,"column":52}},"36":{"start":{"line":167,"column":0},"end":{"line":167,"column":47}},"37":{"start":{"line":177,"column":0},"end":{"line":181,"column":2}},"38":{"start":{"line":178,"column":2},"end":{"line":180,"column":28}},"39":{"start":{"line":191,"column":0},"end":{"line":195,"column":3}},"40":{"start":{"line":192,"column":2},"end":{"line":193,"column":55}},"41":{"start":{"line":193,"column":4},"end":{"line":193,"column":55}},"42":{"start":{"line":194,"column":2},"end":{"line":194,"column":14}},"43":{"start":{"line":206,"column":0},"end":{"line":221,"column":2}},"44":{"start":{"line":207,"column":2},"end":{"line":207,"column":54}},"45":{"start":{"line":209,"column":2},"end":{"line":213,"column":6}},"46":{"start":{"line":215,"column":2},"end":{"line":220,"column":35}},"47":{"start":{"line":231,"column":0},"end":{"line":258,"column":2}},"48":{"start":{"line":232,"column":2},"end":{"line":232,"column":18}},"49":{"start":{"line":235,"column":2},"end":{"line":235,"column":37}},"50":{"start":{"line":238,"column":2},"end":{"line":238,"column":39}},"51":{"start":{"line":238,"column":27},"end":{"line":238,"column":39}},"52":{"start":{"line":241,"column":2},"end":{"line":255,"column":3}},"53":{"start":{"line":243,"column":4},"end":{"line":254,"column":5}},"54":{"start":{"line":244,"column":6},"end":{"line":244,"column":37}},"55":{"start":{"line":245,"column":6},"end":{"line":245,"column":26}},"56":{"start":{"line":247,"column":11},"end":{"line":254,"column":5}},"57":{"start":{"line":248,"column":6},"end":{"line":248,"column":11}},"58":{"start":{"line":251,"column":6},"end":{"line":251,"column":62}},"59":{"start":{"line":251,"column":35},"end":{"line":251,"column":58}},"60":{"start":{"line":252,"column":6},"end":{"line":252,"column":40}},"61":{"start":{"line":252,"column":24},"end":{"line":252,"column":40}},"62":{"start":{"line":253,"column":6},"end":{"line":253,"column":22}},"63":{"start":{"line":257,"column":2},"end":{"line":257,"column":14}},"64":{"start":{"line":270,"column":0},"end":{"line":292,"column":2}},"65":{"start":{"line":271,"column":2},"end":{"line":271,"column":18}},"66":{"start":{"line":272,"column":2},"end":{"line":272,"column":44}},"67":{"start":{"line":272,"column":32},"end":{"line":272,"column":44}},"68":{"start":{"line":273,"column":2},"end":{"line":273,"column":62}},"69":{"start":{"line":273,"column":33},"end":{"line":273,"column":62}},"70":{"start":{"line":274,"column":2},"end":{"line":274,"column":19}},"71":{"start":{"line":275,"column":2},"end":{"line":275,"column":19}},"72":{"start":{"line":276,"column":2},"end":{"line":276,"column":27}},"73":{"start":{"line":277,"column":2},"end":{"line":291,"column":5}},"74":{"start":{"line":278,"column":4},"end":{"line":280,"column":7}},"75":{"start":{"line":279,"column":6},"end":{"line":279,"column":41}},"76":{"start":{"line":282,"column":4},"end":{"line":290,"column":5}},"77":{"start":{"line":283,"column":6},"end":{"line":283,"column":22}},"78":{"start":{"line":285,"column":6},"end":{"line":289,"column":9}},"79":{"start":{"line":286,"column":8},"end":{"line":286,"column":27}},"80":{"start":{"line":286,"column":17},"end":{"line":286,"column":27}},"81":{"start":{"line":287,"column":8},"end":{"line":287,"column":21}},"82":{"start":{"line":288,"column":8},"end":{"line":288,"column":24}},"83":{"start":{"line":300,"column":0},"end":{"line":313,"column":2}},"84":{"start":{"line":301,"column":2},"end":{"line":301,"column":18}},"85":{"start":{"line":302,"column":2},"end":{"line":302,"column":36}},"86":{"start":{"line":302,"column":18},"end":{"line":302,"column":36}},"87":{"start":{"line":303,"column":2},"end":{"line":303,"column":42}},"88":{"start":{"line":304,"column":2},"end":{"line":311,"column":5}},"89":{"start":{"line":305,"column":4},"end":{"line":310,"column":5}},"90":{"start":{"line":306,"column":6},"end":{"line":306,"column":46}},"91":{"start":{"line":307,"column":6},"end":{"line":307,"column":63}},"92":{"start":{"line":309,"column":6},"end":{"line":309,"column":46}},"93":{"start":{"line":312,"column":2},"end":{"line":312,"column":20}},"94":{"start":{"line":321,"column":0},"end":{"line":341,"column":2}},"95":{"start":{"line":322,"column":2},"end":{"line":322,"column":18}},"96":{"start":{"line":325,"column":2},"end":{"line":325,"column":32}},"97":{"start":{"line":328,"column":2},"end":{"line":328,"column":24}},"98":{"start":{"line":331,"column":2},"end":{"line":335,"column":5}},"99":{"start":{"line":332,"column":4},"end":{"line":334,"column":7}},"100":{"start":{"line":333,"column":6},"end":{"line":333,"column":25}},"101":{"start":{"line":338,"column":2},"end":{"line":340,"column":35}},"102":{"start":{"line":359,"column":0},"end":{"line":362,"column":2}},"103":{"start":{"line":360,"column":2},"end":{"line":360,"column":18}},"104":{"start":{"line":361,"column":2},"end":{"line":361,"column":14}},"105":{"start":{"line":373,"column":0},"end":{"line":376,"column":2}},"106":{"start":{"line":374,"column":2},"end":{"line":374,"column":55}},"107":{"start":{"line":374,"column":31},"end":{"line":374,"column":55}},"108":{"start":{"line":375,"column":2},"end":{"line":375,"column":14}},"109":{"start":{"line":385,"column":0},"end":{"line":388,"column":2}},"110":{"start":{"line":386,"column":2},"end":{"line":386,"column":51}},"111":{"start":{"line":386,"column":31},"end":{"line":386,"column":51}},"112":{"start":{"line":387,"column":2},"end":{"line":387,"column":14}},"113":{"start":{"line":398,"column":0},"end":{"line":400,"column":2}},"114":{"start":{"line":399,"column":2},"end":{"line":399,"column":33}},"115":{"start":{"line":410,"column":0},"end":{"line":420,"column":2}},"116":{"start":{"line":411,"column":2},"end":{"line":418,"column":3}},"117":{"start":{"line":412,"column":4},"end":{"line":412,"column":30}},"118":{"start":{"line":413,"column":4},"end":{"line":417,"column":5}},"119":{"start":{"line":414,"column":6},"end":{"line":414,"column":44}},"120":{"start":{"line":416,"column":6},"end":{"line":416,"column":19}},"121":{"start":{"line":419,"column":2},"end":{"line":419,"column":14}},"122":{"start":{"line":429,"column":0},"end":{"line":453,"column":2}},"123":{"start":{"line":430,"column":2},"end":{"line":431,"column":10}},"124":{"start":{"line":434,"column":2},"end":{"line":452,"column":3}},"125":{"start":{"line":436,"column":4},"end":{"line":445,"column":5}},"126":{"start":{"line":437,"column":6},"end":{"line":437,"column":36}},"127":{"start":{"line":440,"column":6},"end":{"line":444,"column":9}},"128":{"start":{"line":441,"column":8},"end":{"line":441,"column":32}},"129":{"start":{"line":441,"column":17},"end":{"line":441,"column":32}},"130":{"start":{"line":442,"column":8},"end":{"line":442,"column":23}},"131":{"start":{"line":443,"column":8},"end":{"line":443,"column":38}},"132":{"start":{"line":447,"column":9},"end":{"line":452,"column":3}},"133":{"start":{"line":448,"column":4},"end":{"line":448,"column":29}},"134":{"start":{"line":450,"column":9},"end":{"line":452,"column":3}},"135":{"start":{"line":451,"column":4},"end":{"line":451,"column":29}},"136":{"start":{"line":461,"column":0},"end":{"line":468,"column":2}},"137":{"start":{"line":462,"column":2},"end":{"line":462,"column":18}},"138":{"start":{"line":463,"column":2},"end":{"line":463,"column":48}},"139":{"start":{"line":464,"column":2},"end":{"line":464,"column":49}},"140":{"start":{"line":465,"column":2},"end":{"line":465,"column":47}},"141":{"start":{"line":466,"column":2},"end":{"line":466,"column":56}},"142":{"start":{"line":467,"column":2},"end":{"line":467,"column":61}},"143":{"start":{"line":476,"column":0},"end":{"line":482,"column":2}},"144":{"start":{"line":477,"column":2},"end":{"line":481,"column":3}},"145":{"start":{"line":478,"column":4},"end":{"line":480,"column":11}},"146":{"start":{"line":493,"column":0},"end":{"line":495,"column":2}},"147":{"start":{"line":494,"column":2},"end":{"line":494,"column":33}},"148":{"start":{"line":503,"column":0},"end":{"line":508,"column":2}},"149":{"start":{"line":504,"column":2},"end":{"line":507,"column":11}},"150":{"start":{"line":505,"column":4},"end":{"line":505,"column":30}},"151":{"start":{"line":506,"column":4},"end":{"line":506,"column":40}},"152":{"start":{"line":506,"column":14},"end":{"line":506,"column":40}},"153":{"start":{"line":519,"column":0},"end":{"line":534,"column":2}},"154":{"start":{"line":520,"column":2},"end":{"line":520,"column":31}},"155":{"start":{"line":520,"column":25},"end":{"line":520,"column":31}},"156":{"start":{"line":521,"column":2},"end":{"line":522,"column":13}},"157":{"start":{"line":525,"column":2},"end":{"line":525,"column":23}},"158":{"start":{"line":525,"column":15},"end":{"line":525,"column":23}},"159":{"start":{"line":528,"column":2},"end":{"line":533,"column":3}},"160":{"start":{"line":529,"column":4},"end":{"line":529,"column":33}},"161":{"start":{"line":530,"column":4},"end":{"line":530,"column":42}},"162":{"start":{"line":531,"column":4},"end":{"line":531,"column":40}},"163":{"start":{"line":532,"column":4},"end":{"line":532,"column":33}},"164":{"start":{"line":543,"column":0},"end":{"line":551,"column":2}},"165":{"start":{"line":544,"column":2},"end":{"line":544,"column":33}},"166":{"start":{"line":545,"column":2},"end":{"line":545,"column":22}},"167":{"start":{"line":545,"column":15},"end":{"line":545,"column":22}},"168":{"start":{"line":546,"column":2},"end":{"line":549,"column":3}},"169":{"start":{"line":547,"column":4},"end":{"line":547,"column":25}},"170":{"start":{"line":548,"column":4},"end":{"line":548,"column":25}},"171":{"start":{"line":550,"column":2},"end":{"line":550,"column":27}},"172":{"start":{"line":560,"column":0},"end":{"line":563,"column":2}},"173":{"start":{"line":561,"column":2},"end":{"line":561,"column":31}},"174":{"start":{"line":561,"column":25},"end":{"line":561,"column":31}},"175":{"start":{"line":562,"column":2},"end":{"line":562,"column":33}},"176":{"start":{"line":562,"column":14},"end":{"line":562,"column":33}},"177":{"start":{"line":573,"column":0},"end":{"line":598,"column":2}},"178":{"start":{"line":574,"column":2},"end":{"line":574,"column":13}},"179":{"start":{"line":577,"column":2},"end":{"line":585,"column":3}},"180":{"start":{"line":578,"column":4},"end":{"line":578,"column":39}},"181":{"start":{"line":579,"column":4},"end":{"line":579,"column":31}},"182":{"start":{"line":580,"column":4},"end":{"line":580,"column":19}},"183":{"start":{"line":583,"column":4},"end":{"line":583,"column":58}},"184":{"start":{"line":584,"column":4},"end":{"line":584,"column":31}},"185":{"start":{"line":587,"column":2},"end":{"line":590,"column":4}},"186":{"start":{"line":592,"column":2},"end":{"line":592,"column":56}},"187":{"start":{"line":595,"column":2},"end":{"line":595,"column":30}},"188":{"start":{"line":597,"column":2},"end":{"line":597,"column":16}},"189":{"start":{"line":607,"column":0},"end":{"line":612,"column":2}},"190":{"start":{"line":608,"column":2},"end":{"line":608,"column":35}},"191":{"start":{"line":609,"column":2},"end":{"line":609,"column":23}},"192":{"start":{"line":610,"column":2},"end":{"line":610,"column":23}},"193":{"start":{"line":611,"column":2},"end":{"line":611,"column":44}},"194":{"start":{"line":620,"column":0},"end":{"line":625,"column":2}},"195":{"start":{"line":621,"column":2},"end":{"line":621,"column":31}},"196":{"start":{"line":622,"column":2},"end":{"line":622,"column":23}},"197":{"start":{"line":623,"column":2},"end":{"line":623,"column":23}},"198":{"start":{"line":624,"column":2},"end":{"line":624,"column":18}},"199":{"start":{"line":635,"column":0},"end":{"line":651,"column":2}},"200":{"start":{"line":636,"column":2},"end":{"line":638,"column":48}},"201":{"start":{"line":640,"column":2},"end":{"line":640,"column":32}},"202":{"start":{"line":640,"column":25},"end":{"line":640,"column":32}},"203":{"start":{"line":642,"column":2},"end":{"line":650,"column":3}},"204":{"start":{"line":643,"column":4},"end":{"line":643,"column":29}},"205":{"start":{"line":644,"column":4},"end":{"line":644,"column":32}},"206":{"start":{"line":645,"column":4},"end":{"line":647,"column":22}},"207":{"start":{"line":646,"column":6},"end":{"line":646,"column":24}},"208":{"start":{"line":649,"column":4},"end":{"line":649,"column":22}},"209":{"start":{"line":662,"column":0},"end":{"line":683,"column":2}},"210":{"start":{"line":663,"column":2},"end":{"line":664,"column":32}},"211":{"start":{"line":669,"column":2},"end":{"line":669,"column":32}},"212":{"start":{"line":670,"column":2},"end":{"line":673,"column":24}},"213":{"start":{"line":675,"column":2},"end":{"line":680,"column":5}},"214":{"start":{"line":676,"column":4},"end":{"line":679,"column":17}},"215":{"start":{"line":682,"column":2},"end":{"line":682,"column":14}},"216":{"start":{"line":692,"column":0},"end":{"line":715,"column":2}},"217":{"start":{"line":693,"column":2},"end":{"line":695,"column":15}},"218":{"start":{"line":698,"column":2},"end":{"line":700,"column":3}},"219":{"start":{"line":699,"column":4},"end":{"line":699,"column":32}},"220":{"start":{"line":702,"column":2},"end":{"line":702,"column":32}},"221":{"start":{"line":703,"column":2},"end":{"line":703,"column":37}},"222":{"start":{"line":704,"column":2},"end":{"line":704,"column":36}},"223":{"start":{"line":707,"column":2},"end":{"line":710,"column":5}},"224":{"start":{"line":713,"column":2},"end":{"line":713,"column":45}},"225":{"start":{"line":714,"column":2},"end":{"line":714,"column":14}},"226":{"start":{"line":724,"column":0},"end":{"line":733,"column":2}},"227":{"start":{"line":725,"column":2},"end":{"line":725,"column":18}},"228":{"start":{"line":727,"column":2},"end":{"line":729,"column":3}},"229":{"start":{"line":728,"column":4},"end":{"line":728,"column":33}},"230":{"start":{"line":731,"column":2},"end":{"line":731,"column":36}},"231":{"start":{"line":731,"column":22},"end":{"line":731,"column":36}},"232":{"start":{"line":732,"column":2},"end":{"line":732,"column":29}},"233":{"start":{"line":743,"column":0},"end":{"line":745,"column":2}},"234":{"start":{"line":744,"column":2},"end":{"line":744,"column":29}},"235":{"start":{"line":753,"column":0},"end":{"line":767,"column":2}},"236":{"start":{"line":754,"column":2},"end":{"line":755,"column":40}},"237":{"start":{"line":758,"column":2},"end":{"line":758,"column":29}},"238":{"start":{"line":759,"column":2},"end":{"line":762,"column":5}},"239":{"start":{"line":760,"column":4},"end":{"line":760,"column":17}},"240":{"start":{"line":761,"column":4},"end":{"line":761,"column":20}},"241":{"start":{"line":765,"column":2},"end":{"line":765,"column":42}},"242":{"start":{"line":766,"column":2},"end":{"line":766,"column":17}},"243":{"start":{"line":775,"column":0},"end":{"line":780,"column":2}},"244":{"start":{"line":776,"column":2},"end":{"line":776,"column":27}},"245":{"start":{"line":777,"column":2},"end":{"line":777,"column":30}},"246":{"start":{"line":777,"column":15},"end":{"line":777,"column":30}},"247":{"start":{"line":778,"column":2},"
[...]
0,"94":0,"95":0,"96":0,"97":0,"98":0,"99":0,"100":1,"101":0,"102":0},"b":{"1":[0,0],"2":[0,0],"3":[0,0],"4":[0,0],"5":[0,0],"6":[0,0],"7":[0,0],"8":[0,0,0,0],"9":[0,0],"10":[0,0],"11":[0,0],"12":[0,0],"13":[0,0],"14":[0,0],"15":[0,0]},"f":{"1":0,"2":0,"3":0,"4":0,"5":0,"6":0,"7":0,"8":0,"9":0,"10":0,"11":0,"12":0,"13":0,"14":0,"15":0,"16":0,"17":0,"18":0},"fnMap":{"1":{"name":"(anonymous_1)","line":37,"loc":{"start":{"line":37,"column":17},"end":{"line":37,"column":34}}},"2":{"name":"stats","line":41,"loc":{"start":{"line":41,"column":2},"end":{"line":41,"column":24}}},"3":{"name":"(anonymous_3)","line":53,"loc":{"start":{"line":53,"column":32},"end":{"line":53,"column":46}}},"4":{"name":"(anonymous_4)","line":56,"loc":{"start":{"line":56,"column":27},"end":{"line":56,"column":37}}},"5":{"name":"(anonymous_5)","line":64,"loc":{"start":{"line":64,"column":49},"end":{"line":64,"column":67}}},"6":{"name":"(anonymous_6)","line":67,"loc":{"start":{"line":67,"column":20},"end":{"line":67,"column":43}}},"7":{"name":"(anonymous_7)","line":77,"loc":{"start":{"line":77,"column":49},"end":{"line":77,"column":67}}},"8":{"name":"(anonymous_8)","line":90,"loc":{"start":{"line":90,"column":20},"end":{"line":90,"column":43}}},"9":{"name":"(anonymous_9)","line":113,"loc":{"start":{"line":113,"column":27},"end":{"line":113,"column":55}}},"10":{"name":"(anonymous_10)","line":130,"loc":{"start":{"line":130,"column":26},"end":{"line":130,"column":42}}},"11":{"name":"(anonymous_11)","line":141,"loc":{"start":{"line":141,"column":33},"end":{"line":141,"column":49}}},"12":{"name":"(anonymous_12)","line":146,"loc":{"start":{"line":146,"column":30},"end":{"line":146,"column":44}}},"13":{"name":"(anonymous_13)","line":152,"loc":{"start":{"line":152,"column":27},"end":{"line":152,"column":41}}},"14":{"name":"(anonymous_14)","line":166,"loc":{"start":{"line":166,"column":21},"end":{"line":166,"column":43}}},"15":{"name":"(anonymous_15)","line":185,"loc":{"start":{"line":185,"column":46},"end":{"line":185,"column":57}}},"16":{"name":"(anonymous_16)","line":209,"loc":{"start":{"line":209,"column":26},"end":{"line":209,"column":42}}},"17":{"name":"sum","line":246,"loc":{"start":{"line":246,"column":0},"end":{"line":246,"column":23}}},"18":{"name":"(anonymous_18)","line":247,"loc":{"start":{"line":247,"column":20},"end":{"line":247,"column":38}}}},"statementMap":{"1":{"start":{"line":12,"column":0},"end":{"line":16,"column":23}},"2":{"start":{"line":37,"column":0},"end":{"line":160,"column":2}},"3":{"start":{"line":38,"column":2},"end":{"line":38,"column":26}},"4":{"start":{"line":39,"column":2},"end":{"line":39,"column":65}},"5":{"start":{"line":41,"column":2},"end":{"line":157,"column":3}},"6":{"start":{"line":42,"column":4},"end":{"line":42,"column":31}},"7":{"start":{"line":43,"column":4},"end":{"line":43,"column":49}},"8":{"start":{"line":44,"column":4},"end":{"line":44,"column":43}},"9":{"start":{"line":45,"column":4},"end":{"line":45,"column":53}},"10":{"start":{"line":48,"column":4},"end":{"line":156,"column":5}},"11":{"start":{"line":49,"column":6},"end":{"line":49,"column":17}},"12":{"start":{"line":52,"column":6},"end":{"line":60,"column":7}},"13":{"start":{"line":53,"column":8},"end":{"line":59,"column":11}},"14":{"start":{"line":54,"column":10},"end":{"line":54,"column":59}},"15":{"start":{"line":55,"column":10},"end":{"line":55,"column":57}},"16":{"start":{"line":56,"column":10},"end":{"line":58,"column":13}},"17":{"start":{"line":57,"column":12},"end":{"line":57,"column":62}},"18":{"start":{"line":63,"column":6},"end":{"line":73,"column":7}},"19":{"start":{"line":64,"column":8},"end":{"line":72,"column":11}},"20":{"start":{"line":65,"column":10},"end":{"line":65,"column":69}},"21":{"start":{"line":66,"column":10},"end":{"line":66,"column":28}},"22":{"start":{"line":67,"column":10},"end":{"line":71,"column":12}},"23":{"start":{"line":68,"column":12},"end":{"line":68,"column":26}},"24":{"start":{"line":69,"column":12},"end":{"line":69,"column":35}},"25":{"start":{"line":70,"column":12},"end":{"line":70,"column":73}},"26":{"start":{"line":76,"column":6},"end":{"line":96,"column":7}},"27":{"start":{"line":77,"column":8},"end":{"line":95,"column":11}},"28":{"start":{"line":78,"column":10},"end":{"line":85,"column":12}},"29":{"start":{"line":87,"column":10},"end":{"line":87,"column":54}},"30":{"start":{"line":89,"column":10},"end":{"line":89,"column":28}},"31":{"start":{"line":90,"column":10},"end":{"line":94,"column":12}},"32":{"start":{"line":91,"column":12},"end":{"line":91,"column":26}},"33":{"start":{"line":92,"column":12},"end":{"line":92,"column":35}},"34":{"start":{"line":93,"column":12},"end":{"line":93,"column":65}},"35":{"start":{"line":99,"column":6},"end":{"line":104,"column":8}},"36":{"start":{"line":107,"column":6},"end":{"line":110,"column":7}},"37":{"start":{"line":108,"column":8},"end":{"line":108,"column":46}},"38":{"start":{"line":109,"column":8},"end":{"line":109,"column":44}},"39":{"start":{"line":113,"column":6},"end":{"line":127,"column":8}},"40":{"start":{"line":114,"column":8},"end":{"line":114,"column":52}},"41":{"start":{"line":115,"column":8},"end":{"line":126,"column":9}},"42":{"start":{"line":117,"column":12},"end":{"line":117,"column":44}},"43":{"start":{"line":118,"column":12},"end":{"line":118,"column":45}},"44":{"start":{"line":119,"column":12},"end":{"line":119,"column":18}},"45":{"start":{"line":121,"column":12},"end":{"line":121,"column":45}},"46":{"start":{"line":122,"column":12},"end":{"line":122,"column":18}},"47":{"start":{"line":125,"column":12},"end":{"line":125,"column":41}},"48":{"start":{"line":130,"column":6},"end":{"line":138,"column":9}},"49":{"start":{"line":131,"column":8},"end":{"line":131,"column":38}},"50":{"start":{"line":132,"column":8},"end":{"line":137,"column":10}},"51":{"start":{"line":141,"column":6},"end":{"line":143,"column":9}},"52":{"start":{"line":142,"column":8},"end":{"line":142,"column":37}},"53":{"start":{"line":146,"column":6},"end":{"line":149,"column":9}},"54":{"start":{"line":147,"column":8},"end":{"line":147,"column":32}},"55":{"start":{"line":148,"column":8},"end":{"line":148,"column":34}},"56":{"start":{"line":152,"column":6},"end":{"line":155,"column":9}},"57":{"start":{"line":153,"column":8},"end":{"line":153,"column":34}},"58":{"start":{"line":154,"column":8},"end":{"line":154,"column":58}},"59":{"start":{"line":159,"column":2},"end":{"line":159,"column":15}},"60":{"start":{"line":166,"column":0},"end":{"line":234,"column":32}},"61":{"start":{"line":167,"column":2},"end":{"line":170,"column":39}},"62":{"start":{"line":173,"column":2},"end":{"line":173,"column":23}},"63":{"start":{"line":174,"column":2},"end":{"line":174,"column":57}},"64":{"start":{"line":174,"column":10},"end":{"line":174,"column":57}},"65":{"start":{"line":175,"column":2},"end":{"line":175,"column":34}},"66":{"start":{"line":176,"column":2},"end":{"line":176,"column":56}},"67":{"start":{"line":177,"column":2},"end":{"line":177,"column":74}},"68":{"start":{"line":178,"column":2},"end":{"line":178,"column":33}},"69":{"start":{"line":179,"column":2},"end":{"line":179,"column":30}},"70":{"start":{"line":180,"column":2},"end":{"line":180,"column":29}},"71":{"start":{"line":183,"column":2},"end":{"line":193,"column":3}},"72":{"start":{"line":184,"column":4},"end":{"line":184,"column":28}},"73":{"start":{"line":185,"column":4},"end":{"line":185,"column":94}},"74":{"start":{"line":185,"column":59},"end":{"line":185,"column":79}},"75":{"start":{"line":186,"column":4},"end":{"line":186,"column":66}},"76":{"start":{"line":187,"column":4},"end":{"line":187,"column":55}},"77":{"start":{"line":188,"column":4},"end":{"line":188,"column":57}},"78":{"start":{"line":189,"column":4},"end":{"line":189,"column":68}},"79":{"start":{"line":190,"column":4},"end":{"line":190,"column":47}},"80":{"start":{"line":191,"column":4},"end":{"line":191,"column":49}},"81":{"start":{"line":192,"column":4},"end":{"line":192,"column":64}},"82":{"start":{"line":196,"column":2},"end":{"line":196,"column":24}},"83":{"start":{"line":199,"column":2},"end":{"line":202,"column":3}},"84":{"start":{"line":200,"column":4},"end":{"line":200,"column":76}},"85":{"start":{"line":201,"column":4},"end":{"line":201,"column":78}},"86":{"start":{"line":205,"column":2},"end":{"line":207,"column":3}},"87":{"start":{"line":206,"column":4},"end":{"line":206,"column":70}},"88":{"start":{"line":209,"column":2},"end":{"line":232,"column":5}},"89":{"start":{"line":210,"column":4},"end":{"line":211,"column":19}},"90":{"start":{"line":214,"column":4},"end":{"line":214,"column":65}},"91":{"start":{"line":217,"column":4},"end":{"line":220,"column":5}},"92":{"start":{"line":218,"column":6},"end":{"line":218,"column":49}},"93":{"start":{"line":219,"column":6},"end":{"line":219,"column":48}},"94":{"start":{"line":223,"column":4},"end":{"line":225,"column":5}},"95":{"start":{"line":224,"column":6},"end":{"line":224,"column":45}},"96":{"start":{"line":227,"column":4},"end":{"line":229,"column":5}},"97":{"start":{"line":228,"column":6},"end":{"line":228,"column":52}},"98":{"start":{"line":231,"column":4},"end":{"line":231,"column":31}},"99":{"start":{"line":233,"column":2},"end":{"line":233,"column":19}},"100":{"start":{"line":246,"column":0},"end":{"line":250,"column":1}},"101":{"start":{"line":247,"column":2},"end":{"line":249,"column":8}},"102":{"start":{"line":248,"column":4},"end":{"line":248,"column":33}}},"branchMap":{"1":{"line":38,"type":"binary-expr","locations":[{"start":{"line":38,"column":12},"end":{"line":38,"column":19}},{"start":{"line":38,"column":23},"end":{"line":38,"column":25}}]},"2":{"line":39,"type":"binary-expr","locations":[{"start":{"line":39,"column":25},"end":{"line":39,"column":44}},{"start":{"line":39,"column":48},"end":{"line":39,"column":64}}]},"3":{"line":48,"type":"if","locations":[{"start":{"line":48,"column":4},"end":{"line":48,"column":4}},{"start":{"line":48,"column":4},"end":{"line":48,"column":4}}]},"4":{"line":52,"type":"if","locations":[{"start":{"line":52,"column":6},"end":{"line":52,"column":6}},{"start":{"line":52,"column":6},"end":{"line":52,"column":6}}]},"5":{"line":63,"type":"if","locations":[{"start":{"line":63,"column":6},"end":{"line":63,"column":6}},{"start":{"line":63,"column":6},"end":{"line":63,"column":6}}]},"6":{"line":76,"type":"if","locations":[{"start":{"line":76,"column":6},"end":{"line":76,"column":6}},{"start":{"line":76,"column":6},"end":{"line":76,"column":6}}]},"7":{"line":107,"type":"if","locations":[{"start":{"line":107,"column":6},"end":{"line":107,"column":6}},{"start":{"line":107,"column":6},"end":{"line":107,"column":6}}]},"8":{"line":115,"type":"switch","locations":[{"start":{"line":116,"column":10},"end":{"line":119,"column":18}},{"start":{"line":120,"column":10},"end":{"line":122,"column":18}},{"start":{"line":123,"column":10},"end":{"line":123,"column":31}},{"start":{"line":124,"column":10},"end":{"line":125,"column":41}}]},"9":{"line":174,"type":"if","locations":[{"start":{"line":174,"column":2},"end":{"line":174,"column":2}},{"start":{"line":174,"column":2},"end":{"line":174,"column":2}}]},"10":{"line":183,"type":"if","locations":[{"start":{"line":183,"column":2},"end":{"line":183,"column":2}},{"start":{"line":183,"column":2},"end":{"line":183,"column":2}}]},"11":{"line":199,"type":"if","locations":[{"start":{"line":199,"column":2},"end":{"line":199,"column":2}},{"start":{"line":199,"column":2},"end":{"line":199,"column":2}}]},"12":{"line":205,"type":"if","locations":[{"start":{"line":205,"column":2},"end":{"line":205,"column":2}},{"start":{"line":205,"column":2},"end":{"line":205,"column":2}}]},"13":{"line":217,"type":"if","locations":[{"start":{"line":217,"column":4},"end":{"line":217,"column":4}},{"start":{"line":217,"column":4},"end":{"line":217,"column":4}}]},"14":{"line":223,"type":"if","locations":[{"start":{"line":223,"column":4},"end":{"line":223,"column":4}},{"start":{"line":223,"column":4},"end":{"line":223,"column":4}}]},"15":{"line":227,"type":"if","locations":[{"start":{"line":227,"column":4},"end":{"line":227,"column":4}},{"start":{"line":227,"column":4},"end":{"line":227,"column":4}}]}},"code":["","/*!"," * Cluster - stats"," * Copyright (c) 2011 LearnBoost <dev@learnboost.com>"," * MIT Licensed"," */","","/**"," * Module dependencies."," */","","var fs = require('fs')","  , Log = require('log')","  , repl = require('./repl')","  , utils = require('../utils')","  , os = require('os');","","/**"," * Enable stat tracking with the given `options`."," *"," * Options:"," *"," *  - `connections`    enable connection statistics"," *  - `requests`       enable request statistics"," *  - `lightRequests`  enable light-weight request statistics"," *"," * Real-time applications should utilize `lightRequests` for reporting"," * when possible, although less data is available."," *"," * TODO: UDP"," *"," * @param {Object} options"," * @return {Function}"," * @api public"," */","","module.exports = function(options){","  options = options || {};","  stats.enableInWorker = options.connections || options.requests;","","  function stats(master){","    var server = master.server;","    master.connectionStats = options.connections;","    master.requestStats = options.requests;","    master.lightRequestStats = options.lightRequests;","","    // worker stats","    if (master.isWorker) {","      var id = 0;","  ","      // connections","      if (options.connections) {","        server.on('connection', function(sock){","          var data = { remoteAddress: sock.remoteAddress };","          master.call('reportStats', 'connection', data);","          sock.on('close', function(){","            master.call('reportStats', 'disconnection', data);","          });","        });","      }","","      // light-weight requests","      if (options.lightRequests) {","        utils.unshiftListener(server, 'request', function(req, res){","          master.call('reportStats', 'light request', res.id = ++id);","          var end = res.end;","          res.end = function(str, encoding){","            res.end = end;","            res.end(str, encoding);","            master.call('reportStats', 'light request complete', res.id);","          };","        });","      } ","","      // requests","      if (options.requests) {","        utils.unshiftListener(server, 'request', function(req, res){","          var data = {","              remoteAddress: req.socket.remoteAddress","            , headers: req.headers","            , httpVersion: req.httpVersion","            , method: req.method","            , url: req.url","            , id: ++id","          };","","          master.call('reportStats', 'request', data);","","          var end = res.end;","          res.end = function(str, encoding){","            res.end = end;","            res.end(str, encoding);","            master.call('reportStats', 'request complete', data);","          };","        });","      }","    // master stats","    } else {","      master.stats = {","          start: new Date","        , restarts: 0","        , workersSpawned: 0","        , workersKilled: 0","      };","","      // 0.4.x","      if (os) {","        master.stats.totalmem = os.totalmem();","        master.stats.freemem = os.freemem();","      }","","      // worker stats","      master.reportStats = function(worker, type, data){","        master.emit('client ' + type, worker, data);","        switch (type) {","          case 'connection':","            worker.stats.connectionsTotal++;","            worker.stats.connectionsActive++;","            break;","          case 'disconnection':","            worker.stats.connectionsActive--;","            break;","          case 'light request':","          case 'request':","            worker.stats.requestsTotal++;","        }","      };","","      // total workers spawned","      master.on('worker', function(worker){","        ++master.stats.workersSpawned;","        worker.stats = {","            start: new Date","          , connectionsTotal: 0","          , connectionsActive: 0","          , requestsTotal: 0","        };","      });","","      // total worker deaths","      master.on('worker killed', function(worker){","        ++master.stats.workersKilled;","      });","","      // restarting","      master.on('restarting', function(data){","        ++master.stats.restarts;","        data.stats = master.stats;","      });","","      // restart","      master.on('restart', function(data){","        master.stats = data.stats;","        master.stats.start = new Date(master.stats.start);","      });","    }","  }","","  return stats;","};","","/**"," * REPL statistics command."," */","","repl.define('stats', function(master, sock){","  var active = master.children.length","    , total = master.stats.workersSpawned","    , deaths = master.stats.workersKilled","    , restarts = master.stats.restarts;","","  // master stats","  sock.title('Master');","  if (os) sock.row('os', os.type() + ' ' + os.release());","  sock.row('state', master.state);","  sock.row('started', master.stats.start.toUTCString());","  sock.row('uptime', utils.formatDateRange(new Date, master.stats.start));","  sock.row('restarts', restarts);","  sock.row('workers', active);","  sock.row('deaths', deaths);","","  // resources","  if (os) {","    sock.title('Resources');","    sock.row('load average', os.loadavg().map(function(n){ return n.toFixed(2); }).join(' '));","    sock.row('cores utilized', active + ' / ' + os.cpus().length);","    var free = utils.formatBytes(master.stats.freemem);","    var total = utils.formatBytes(master.stats.totalmem);","    sock.row('memory at boot (free / total)', free + ' / ' + total);","    var free = utils.formatBytes(os.freemem());","    var total = utils.formatBytes(os.totalmem());","    sock.row('memory now (free / total)', free + ' / ' + total);","  }","","  // worker stats","  sock.title('Workers');","","  // connections","  if (master.connectionStats) {","    sock.row('connections total', sum(master.children, 'connectionsTotal'));","    sock.row('connections active', sum(master.children, 'connectionsActive'));","  }","","  // requests","  if (master.requestStats) {","    sock.row('requests total', sum(master.children, 'requestsTotal'));","  }","","  master.children.forEach(function(worker){","    var stats = ''","      , piped = [];","","    // uptime","    stats += utils.formatDateRange(new Date, worker.stats.start);","","    // connections","    if (master.connectionStats) {","      piped.push(worker.stats.connectionsActive);","      piped.push(worker.stats.connectionsTotal);","    }","","    // requests","    if (master.requestStats) {","      piped.push(worker.stats.requestsTotal);","    }","","    if (piped.length) {","      stats += ' ' + piped.join('\\033[90m|\\033[0m');","    }","","    sock.row(worker.id, stats);","  });","  sock.write('\\n');","}, 'Display server statistics');","","","/**"," * Return sum of each `prop` in `arr`."," *"," * @param {Array} arr"," * @param {String} prop"," * @return {Number}"," * @api private"," */","","function sum(arr, prop){","  return arr.reduce(function(sum, obj){","    return sum + obj.stats[prop];","  }, 0);","};",""],"l":{"12":1,"37":1,"38":0,"39":0,"41":1,"42":0,"43":0,"44":0,"45":0,"48":0,"49":0,"52":0,"53":0,"54":0,"55":0,"56":0,"57":0,"63":0,"64":0,"65":0,"66":0,"67":0,"68":0,"69":0,"70":0,"76":0,"77":0,"78":0,"87":0,"89":0,"90":0,"91":0,"92":0,"93":0,"99":0,"107":0,"108":0,"109":0,"113":0,"114":0,"115":0,"117":0,"118":0,"119":0,"121":0,"122":0,"125":0,"130":0,"131":0,"132":0,"141":0,"142":0,"146":0,"147":0,"148":0,"152":0,"153":0,"154":0,"159":0,"166":1,"167":0,"173":0,"174":0,"175":0,"176":0,"177":0,"178":0,"179":0,"180":0,"183":0,"184":0,"185":0,"186":0,"187":0,"188":0,"189":0,"190":0,"191":0,"192":0,"196":0,"199":0,"200":0,"201":0,"205":0,"206":0,"209":0,"210":0,"214":0,"217":0,"218":0,"219":0,"223":0,"224":0,"227":0,"228":0,"231":0,"233":0,"246":1,"247":0,"248":0}}}